<?xml version="1.0" encoding="UTF-8"?>
<robot generator="Robot 4.1.3 (Python 3.9.1 on win32)" generated="20220212 11:41:14.606" rpa="false" schemaversion="2">
<suite id="s1" name="Buy and Delete Product" source="C:\Users\Fatemeh\GitRepository\Test\UI\TestCases\BuyAndDelete\Buy_and_Delete_Product.robot">
<kw name="Run Keywords" library="BuiltIn" type="SETUP">
<arg>Open Page</arg>
<arg>Login</arg>
<doc>Executes all the given keywords in a sequence.</doc>
<kw name="Open Page" library="Basic">
<doc>open browser</doc>
<kw name="Set Selenium Speed" library="SeleniumLibrary">
<arg>${SPEED}</arg>
<doc>Sets the delay that is waited after each Selenium command.</doc>
<status status="PASS" starttime="20220212 11:41:16.165" endtime="20220212 11:41:16.165"/>
</kw>
<kw name="Set Selenium Timeout" library="SeleniumLibrary">
<arg>${TIMEOUT}</arg>
<doc>Sets the timeout that is used by various keywords.</doc>
<status status="PASS" starttime="20220212 11:41:16.166" endtime="20220212 11:41:16.166"/>
</kw>
<kw name="Open Browser" library="SeleniumLibrary">
<arg>${digikala_url}</arg>
<arg>${BROWSER}</arg>
<doc>Opens a new browser instance to the optional ``url``.</doc>
<msg timestamp="20220212 11:41:16.167" level="INFO">Opening browser 'chrome' to base url 'https://www.digikala.com'.</msg>
<status status="PASS" starttime="20220212 11:41:16.166" endtime="20220212 11:42:02.136"/>
</kw>
<kw name="Maximize Browser Window" library="SeleniumLibrary">
<doc>Maximizes current browser window.</doc>
<status status="PASS" starttime="20220212 11:42:02.137" endtime="20220212 11:42:02.805"/>
</kw>
<status status="PASS" starttime="20220212 11:41:16.164" endtime="20220212 11:42:02.805"/>
</kw>
<kw name="Login" library="Basic">
<doc>login</doc>
<kw name="Wait For Element" library="Basic">
<arg>${login_button}</arg>
<doc>all typed of waits</doc>
<kw name="Wait Until Page Contains Element" library="SeleniumLibrary">
<arg>${locator}</arg>
<doc>Waits until the element ``locator`` appears on the current page.</doc>
<status status="PASS" starttime="20220212 11:42:02.807" endtime="20220212 11:42:03.541"/>
</kw>
<kw name="Wait Until Element Is Visible" library="SeleniumLibrary">
<arg>${locator}</arg>
<doc>Waits until the element ``locator`` is visible.</doc>
<status status="PASS" starttime="20220212 11:42:03.541" endtime="20220212 11:42:03.623"/>
</kw>
<kw name="Wait Until Element Is Enabled" library="SeleniumLibrary">
<arg>${locator}</arg>
<doc>Waits until the element ``locator`` is enabled.</doc>
<status status="PASS" starttime="20220212 11:42:03.623" endtime="20220212 11:42:03.691"/>
</kw>
<status status="PASS" starttime="20220212 11:42:02.806" endtime="20220212 11:42:03.691"/>
</kw>
<kw name="Click Element" library="SeleniumLibrary">
<arg>${login_button}</arg>
<doc>Click the element identified by ``locator``.</doc>
<msg timestamp="20220212 11:42:03.692" level="INFO">Clicking element '//div[contains(text(),'ورود')]'.</msg>
<status status="PASS" starttime="20220212 11:42:03.692" endtime="20220212 11:42:04.749"/>
</kw>
<kw name="Wait For Element" library="Basic">
<arg>${email_phone_edittext}</arg>
<doc>all typed of waits</doc>
<kw name="Wait Until Page Contains Element" library="SeleniumLibrary">
<arg>${locator}</arg>
<doc>Waits until the element ``locator`` appears on the current page.</doc>
<status status="PASS" starttime="20220212 11:42:04.750" endtime="20220212 11:42:04.820"/>
</kw>
<kw name="Wait Until Element Is Visible" library="SeleniumLibrary">
<arg>${locator}</arg>
<doc>Waits until the element ``locator`` is visible.</doc>
<status status="PASS" starttime="20220212 11:42:04.820" endtime="20220212 11:42:04.902"/>
</kw>
<kw name="Wait Until Element Is Enabled" library="SeleniumLibrary">
<arg>${locator}</arg>
<doc>Waits until the element ``locator`` is enabled.</doc>
<status status="PASS" starttime="20220212 11:42:04.902" endtime="20220212 11:42:04.976"/>
</kw>
<status status="PASS" starttime="20220212 11:42:04.749" endtime="20220212 11:42:04.976"/>
</kw>
<kw name="Input Text" library="SeleniumLibrary">
<arg>${email_phone_edittext}</arg>
<arg>${USERNAME}</arg>
<doc>Types the given ``text`` into the text field identified by ``locator``.</doc>
<msg timestamp="20220212 11:42:04.978" level="INFO">Typing text 'fatemeh.1374.b@gmail.com' into text field 'name:username'.</msg>
<status status="PASS" starttime="20220212 11:42:04.977" endtime="20220212 11:42:05.761"/>
</kw>
<kw name="Click Element" library="SeleniumLibrary">
<arg>${submit_button_1}</arg>
<doc>Click the element identified by ``locator``.</doc>
<msg timestamp="20220212 11:42:05.762" level="INFO">Clicking element '//div[contains(text(),'ورود')]'.</msg>
<status status="PASS" starttime="20220212 11:42:05.762" endtime="20220212 11:42:05.953"/>
</kw>
<kw name="Wait For Element" library="Basic">
<arg>${password_edittext}</arg>
<doc>all typed of waits</doc>
<kw name="Wait Until Page Contains Element" library="SeleniumLibrary">
<arg>${locator}</arg>
<doc>Waits until the element ``locator`` appears on the current page.</doc>
<status status="PASS" starttime="20220212 11:42:05.954" endtime="20220212 11:42:06.404"/>
</kw>
<kw name="Wait Until Element Is Visible" library="SeleniumLibrary">
<arg>${locator}</arg>
<doc>Waits until the element ``locator`` is visible.</doc>
<status status="PASS" starttime="20220212 11:42:06.405" endtime="20220212 11:42:06.436"/>
</kw>
<kw name="Wait Until Element Is Enabled" library="SeleniumLibrary">
<arg>${locator}</arg>
<doc>Waits until the element ``locator`` is enabled.</doc>
<status status="PASS" starttime="20220212 11:42:06.436" endtime="20220212 11:42:06.475"/>
</kw>
<status status="PASS" starttime="20220212 11:42:05.953" endtime="20220212 11:42:06.476"/>
</kw>
<kw name="Input Text" library="SeleniumLibrary">
<arg>${password_edittext}</arg>
<arg>${PASSWORD}</arg>
<doc>Types the given ``text`` into the text field identified by ``locator``.</doc>
<msg timestamp="20220212 11:42:06.476" level="INFO">Typing text 'guitar' into text field 'name:password'.</msg>
<status status="PASS" starttime="20220212 11:42:06.476" endtime="20220212 11:42:06.718"/>
</kw>
<kw name="Click Element" library="SeleniumLibrary">
<arg>${submit_button_2}</arg>
<doc>Click the element identified by ``locator``.</doc>
<msg timestamp="20220212 11:42:06.719" level="INFO">Clicking element '//div[contains(text(),'تایید')]'.</msg>
<status status="PASS" starttime="20220212 11:42:06.718" endtime="20220212 11:42:06.805"/>
</kw>
<kw name="Wait For Element" library="Basic">
<arg>${profile_button}</arg>
<doc>all typed of waits</doc>
<kw name="Wait Until Page Contains Element" library="SeleniumLibrary">
<arg>${locator}</arg>
<doc>Waits until the element ``locator`` appears on the current page.</doc>
<status status="PASS" starttime="20220212 11:42:06.806" endtime="20220212 11:42:08.565"/>
</kw>
<kw name="Wait Until Element Is Visible" library="SeleniumLibrary">
<arg>${locator}</arg>
<doc>Waits until the element ``locator`` is visible.</doc>
<status status="PASS" starttime="20220212 11:42:08.565" endtime="20220212 11:42:10.687"/>
</kw>
<kw name="Wait Until Element Is Enabled" library="SeleniumLibrary">
<arg>${locator}</arg>
<doc>Waits until the element ``locator`` is enabled.</doc>
<status status="PASS" starttime="20220212 11:42:10.687" endtime="20220212 11:42:10.756"/>
</kw>
<status status="PASS" starttime="20220212 11:42:06.806" endtime="20220212 11:42:10.757"/>
</kw>
<kw name="Click Element" library="SeleniumLibrary">
<arg>${profile_button}</arg>
<doc>Click the element identified by ``locator``.</doc>
<msg timestamp="20220212 11:42:10.758" level="INFO">Clicking element '//*[@id="base_layout_desktop_fixed_header"]/header/div/div/div/div[2]/div[1]/div[1]/div[2]'.</msg>
<status status="PASS" starttime="20220212 11:42:10.757" endtime="20220212 11:42:10.989"/>
</kw>
<kw name="Element Should Contain" library="SeleniumLibrary">
<arg>${profile_info_element}</arg>
<arg>${name}</arg>
<doc>Verifies that element ``locator`` contains text ``expected``.</doc>
<msg timestamp="20220212 11:42:11.200" level="INFO">Element '//*[@id="base_layout_desktop_fixed_header"]/header/div/div/div/div[2]/div[1]/div[2]/a/div/div[2]/span' contains text 'فاطمه بخشی'.</msg>
<status status="PASS" starttime="20220212 11:42:10.990" endtime="20220212 11:42:11.201"/>
</kw>
<status status="PASS" starttime="20220212 11:42:02.806" endtime="20220212 11:42:11.201"/>
</kw>
<status status="PASS" starttime="20220212 11:41:16.164" endtime="20220212 11:42:11.201"/>
</kw>
<test id="s1-t1" name="Buy an item">
<kw name="Mouse Over" library="SeleniumLibrary">
<arg>${category_of_products}</arg>
<doc>Simulates hovering the mouse over the element ``locator``.</doc>
<msg timestamp="20220212 11:42:11.204" level="INFO">Simulating Mouse Over on element 'XPath://*[@id="base_layout_desktop_fixed_header"]/header/nav/div[1]/div[1]/div[1]/div'.</msg>
<status status="PASS" starttime="20220212 11:42:11.203" endtime="20220212 11:42:11.715"/>
</kw>
<kw name="Mouse Over" library="SeleniumLibrary">
<arg>${digital_products}</arg>
<doc>Simulates hovering the mouse over the element ``locator``.</doc>
<msg timestamp="20220212 11:42:11.721" level="INFO">Simulating Mouse Over on element 'XPath://*[@id="base_layout_desktop_fixed_header"]/header/nav/div[1]/div[1]/div[1]/div/div/div/div[1]/div[1]/a'.</msg>
<status status="PASS" starttime="20220212 11:42:11.720" endtime="20220212 11:42:12.131"/>
</kw>
<kw name="Click Element" library="SeleniumLibrary">
<arg>${apple_products}</arg>
<doc>Click the element identified by ``locator``.</doc>
<msg timestamp="20220212 11:42:12.133" level="INFO">Clicking element 'XPath://*[@id="base_layout_desktop_fixed_header"]/header/nav/div[1]/div[1]/div[1]/div/div/div/div[2]/div[1]/div[1]/ul/a[8]'.</msg>
<status status="PASS" starttime="20220212 11:42:12.133" endtime="20220212 11:42:12.714"/>
</kw>
<kw name="Click On Element" library="Basic">
<arg>${seller}</arg>
<doc>do a succesful click</doc>
<kw name="Wait For Element" library="Basic">
<arg>${element}</arg>
<doc>all typed of waits</doc>
<kw name="Wait Until Page Contains Element" library="SeleniumLibrary">
<arg>${locator}</arg>
<doc>Waits until the element ``locator`` appears on the current page.</doc>
<status status="PASS" starttime="20220212 11:42:12.718" endtime="20220212 11:42:13.510"/>
</kw>
<kw name="Wait Until Element Is Visible" library="SeleniumLibrary">
<arg>${locator}</arg>
<doc>Waits until the element ``locator`` is visible.</doc>
<status status="PASS" starttime="20220212 11:42:13.511" endtime="20220212 11:42:13.588"/>
</kw>
<kw name="Wait Until Element Is Enabled" library="SeleniumLibrary">
<arg>${locator}</arg>
<doc>Waits until the element ``locator`` is enabled.</doc>
<status status="PASS" starttime="20220212 11:42:13.589" endtime="20220212 11:42:13.640"/>
</kw>
<status status="PASS" starttime="20220212 11:42:12.717" endtime="20220212 11:42:13.641"/>
</kw>
<kw name="Run Keyword And Ignore Error" library="BuiltIn">
<arg>Scroll Element Into View</arg>
<arg>${element}</arg>
<doc>Runs the given keyword with the given arguments and ignores possible error.</doc>
<kw name="Scroll Element Into View" library="SeleniumLibrary">
<arg>${element}</arg>
<doc>Scrolls the element identified by ``locator`` into view.</doc>
<status status="PASS" starttime="20220212 11:42:13.641" endtime="20220212 11:42:14.037"/>
</kw>
<status status="PASS" starttime="20220212 11:42:13.641" endtime="20220212 11:42:14.037"/>
</kw>
<kw name="Run Keyword And Ignore Error" library="BuiltIn">
<arg>Mouse Over</arg>
<arg>${element}</arg>
<doc>Runs the given keyword with the given arguments and ignores possible error.</doc>
<kw name="Mouse Over" library="SeleniumLibrary">
<arg>${element}</arg>
<doc>Simulates hovering the mouse over the element ``locator``.</doc>
<msg timestamp="20220212 11:42:14.038" level="INFO">Simulating Mouse Over on element 'XPath://div[text()='نوع فروشنده']'.</msg>
<status status="PASS" starttime="20220212 11:42:14.038" endtime="20220212 11:42:14.324"/>
</kw>
<status status="PASS" starttime="20220212 11:42:14.037" endtime="20220212 11:42:14.325"/>
</kw>
<kw name="Click Element" library="SeleniumLibrary">
<arg>${element}</arg>
<doc>Click the element identified by ``locator``.</doc>
<msg timestamp="20220212 11:42:14.326" level="INFO">Clicking element 'XPath://div[text()='نوع فروشنده']'.</msg>
<status status="PASS" starttime="20220212 11:42:14.325" endtime="20220212 11:42:14.513"/>
</kw>
<status status="PASS" starttime="20220212 11:42:12.715" endtime="20220212 11:42:14.514"/>
</kw>
<kw name="Click On Element" library="Basic">
<arg>${seller_digikala}</arg>
<doc>do a succesful click</doc>
<kw name="Wait For Element" library="Basic">
<arg>${element}</arg>
<doc>all typed of waits</doc>
<kw name="Wait Until Page Contains Element" library="SeleniumLibrary">
<arg>${locator}</arg>
<doc>Waits until the element ``locator`` appears on the current page.</doc>
<status status="PASS" starttime="20220212 11:42:14.517" endtime="20220212 11:42:14.551"/>
</kw>
<kw name="Wait Until Element Is Visible" library="SeleniumLibrary">
<arg>${locator}</arg>
<doc>Waits until the element ``locator`` is visible.</doc>
<status status="PASS" starttime="20220212 11:42:14.551" endtime="20220212 11:42:14.579"/>
</kw>
<kw name="Wait Until Element Is Enabled" library="SeleniumLibrary">
<arg>${locator}</arg>
<doc>Waits until the element ``locator`` is enabled.</doc>
<status status="PASS" starttime="20220212 11:42:14.580" endtime="20220212 11:42:14.625"/>
</kw>
<status status="PASS" starttime="20220212 11:42:14.516" endtime="20220212 11:42:14.625"/>
</kw>
<kw name="Run Keyword And Ignore Error" library="BuiltIn">
<arg>Scroll Element Into View</arg>
<arg>${element}</arg>
<doc>Runs the given keyword with the given arguments and ignores possible error.</doc>
<kw name="Scroll Element Into View" library="SeleniumLibrary">
<arg>${element}</arg>
<doc>Scrolls the element identified by ``locator`` into view.</doc>
<kw name="Capture Page Screenshot" library="SeleniumLibrary">
<doc>Takes a screenshot of the current page and embeds it into a log file.</doc>
<msg timestamp="20220212 11:42:15.318" level="INFO" html="true">&lt;/td&gt;&lt;/tr&gt;&lt;tr&gt;&lt;td colspan="3"&gt;&lt;a href="selenium-screenshot-1.png"&gt;&lt;img src="selenium-screenshot-1.png" width="800px"&gt;&lt;/a&gt;</msg>
<status status="PASS" starttime="20220212 11:42:14.717" endtime="20220212 11:42:15.319"/>
</kw>
<msg timestamp="20220212 11:42:15.385" level="FAIL">MoveTargetOutOfBoundsException: Message: move target out of bounds
  (Session info: chrome=98.0.4758.82)
Stacktrace:
Backtrace:
	Ordinal0 [0x00A97AC3+2587331]
	Ordinal0 [0x00A2ADD1+2141649]
	Ordinal0 [0x00923A80+1063552]
	Ordinal0 [0x00980008+1441800]
	Ordinal0 [0x0096868C+1345164]
	Ordinal0 [0x00978A0A+1411594]
	Ordinal0 [0x009684A6+1344678]
	Ordinal0 [0x009453F6+1201142]
	Ordinal0 [0x009462E6+1204966]
	GetHandleVerifier [0x00C3DF22+1680738]
	GetHandleVerifier [0x00CF0DBC+2413564]
	GetHandleVerifier [0x00B2D151+563089]
	GetHandleVerifier [0x00B2BF13+558419]
	Ordinal0 [0x00A3081E+2164766]
	Ordinal0 [0x00A35508+2184456]
	Ordinal0 [0x00A35650+2184784]
	Ordinal0 [0x00A3F5BC+2225596]
	BaseThreadInitThunk [0x76E56359+25]
	RtlGetAppContainerNamedObjectPath [0x776A87D4+228]
	RtlGetAppContainerNamedObjectPath [0x776A87A4+180]
</msg>
<status status="FAIL" starttime="20220212 11:42:14.626" endtime="20220212 11:42:15.385"/>
</kw>
<status status="PASS" starttime="20220212 11:42:14.625" endtime="20220212 11:42:15.385"/>
</kw>
<kw name="Run Keyword And Ignore Error" library="BuiltIn">
<arg>Mouse Over</arg>
<arg>${element}</arg>
<doc>Runs the given keyword with the given arguments and ignores possible error.</doc>
<kw name="Mouse Over" library="SeleniumLibrary">
<arg>${element}</arg>
<doc>Simulates hovering the mouse over the element ``locator``.</doc>
<msg timestamp="20220212 11:42:15.386" level="INFO">Simulating Mouse Over on element 'XPath://div[text()='دیجی‌کالا']'.</msg>
<status status="PASS" starttime="20220212 11:42:15.386" endtime="20220212 11:42:15.673"/>
</kw>
<status status="PASS" starttime="20220212 11:42:15.385" endtime="20220212 11:42:15.673"/>
</kw>
<kw name="Click Element" library="SeleniumLibrary">
<arg>${element}</arg>
<doc>Click the element identified by ``locator``.</doc>
<msg timestamp="20220212 11:42:15.674" level="INFO">Clicking element 'XPath://div[text()='دیجی‌کالا']'.</msg>
<status status="PASS" starttime="20220212 11:42:15.673" endtime="20220212 11:42:16.077"/>
</kw>
<status status="PASS" starttime="20220212 11:42:14.515" endtime="20220212 11:42:16.078"/>
</kw>
<kw name="Click On Element" library="Basic">
<arg>${sorting_order_element}</arg>
<doc>do a succesful click</doc>
<kw name="Wait For Element" library="Basic">
<arg>${element}</arg>
<doc>all typed of waits</doc>
<kw name="Wait Until Page Contains Element" library="SeleniumLibrary">
<arg>${locator}</arg>
<doc>Waits until the element ``locator`` appears on the current page.</doc>
<status status="PASS" starttime="20220212 11:42:16.088" endtime="20220212 11:42:16.183"/>
</kw>
<kw name="Wait Until Element Is Visible" library="SeleniumLibrary">
<arg>${locator}</arg>
<doc>Waits until the element ``locator`` is visible.</doc>
<status status="PASS" starttime="20220212 11:42:16.183" endtime="20220212 11:42:16.284"/>
</kw>
<kw name="Wait Until Element Is Enabled" library="SeleniumLibrary">
<arg>${locator}</arg>
<doc>Waits until the element ``locator`` is enabled.</doc>
<status status="PASS" starttime="20220212 11:42:16.286" endtime="20220212 11:42:16.502"/>
</kw>
<status status="PASS" starttime="20220212 11:42:16.087" endtime="20220212 11:42:16.502"/>
</kw>
<kw name="Run Keyword And Ignore Error" library="BuiltIn">
<arg>Scroll Element Into View</arg>
<arg>${element}</arg>
<doc>Runs the given keyword with the given arguments and ignores possible error.</doc>
<kw name="Scroll Element Into View" library="SeleniumLibrary">
<arg>${element}</arg>
<doc>Scrolls the element identified by ``locator`` into view.</doc>
<status status="PASS" starttime="20220212 11:42:16.504" endtime="20220212 11:42:17.294"/>
</kw>
<status status="PASS" starttime="20220212 11:42:16.503" endtime="20220212 11:42:17.294"/>
</kw>
<kw name="Run Keyword And Ignore Error" library="BuiltIn">
<arg>Mouse Over</arg>
<arg>${element}</arg>
<doc>Runs the given keyword with the given arguments and ignores possible error.</doc>
<kw name="Mouse Over" library="SeleniumLibrary">
<arg>${element}</arg>
<doc>Simulates hovering the mouse over the element ``locator``.</doc>
<msg timestamp="20220212 11:42:17.296" level="INFO">Simulating Mouse Over on element 'XPath://div[text()='پرفروش‌ترین‌']'.</msg>
<status status="PASS" starttime="20220212 11:42:17.295" endtime="20220212 11:42:17.596"/>
</kw>
<status status="PASS" starttime="20220212 11:42:17.295" endtime="20220212 11:42:17.597"/>
</kw>
<kw name="Click Element" library="SeleniumLibrary">
<arg>${element}</arg>
<doc>Click the element identified by ``locator``.</doc>
<msg timestamp="20220212 11:42:17.597" level="INFO">Clicking element 'XPath://div[text()='پرفروش‌ترین‌']'.</msg>
<status status="PASS" starttime="20220212 11:42:17.597" endtime="20220212 11:42:17.912"/>
</kw>
<status status="PASS" starttime="20220212 11:42:16.085" endtime="20220212 11:42:17.912"/>
</kw>
<kw name="Click On Element" library="Basic">
<arg>${brand}</arg>
<doc>do a succesful click</doc>
<kw name="Wait For Element" library="Basic">
<arg>${element}</arg>
<doc>all typed of waits</doc>
<kw name="Wait Until Page Contains Element" library="SeleniumLibrary">
<arg>${locator}</arg>
<doc>Waits until the element ``locator`` appears on the current page.</doc>
<status status="PASS" starttime="20220212 11:42:17.916" endtime="20220212 11:42:17.993"/>
</kw>
<kw name="Wait Until Element Is Visible" library="SeleniumLibrary">
<arg>${locator}</arg>
<doc>Waits until the element ``locator`` is visible.</doc>
<status status="PASS" starttime="20220212 11:42:17.994" endtime="20220212 11:42:18.086"/>
</kw>
<kw name="Wait Until Element Is Enabled" library="SeleniumLibrary">
<arg>${locator}</arg>
<doc>Waits until the element ``locator`` is enabled.</doc>
<status status="PASS" starttime="20220212 11:42:18.087" endtime="20220212 11:42:19.014"/>
</kw>
<status status="PASS" starttime="20220212 11:42:17.915" endtime="20220212 11:42:19.015"/>
</kw>
<kw name="Run Keyword And Ignore Error" library="BuiltIn">
<arg>Scroll Element Into View</arg>
<arg>${element}</arg>
<doc>Runs the given keyword with the given arguments and ignores possible error.</doc>
<kw name="Scroll Element Into View" library="SeleniumLibrary">
<arg>${element}</arg>
<doc>Scrolls the element identified by ``locator`` into view.</doc>
<status status="PASS" starttime="20220212 11:42:19.015" endtime="20220212 11:42:19.331"/>
</kw>
<status status="PASS" starttime="20220212 11:42:19.015" endtime="20220212 11:42:19.331"/>
</kw>
<kw name="Run Keyword And Ignore Error" library="BuiltIn">
<arg>Mouse Over</arg>
<arg>${element}</arg>
<doc>Runs the given keyword with the given arguments and ignores possible error.</doc>
<kw name="Mouse Over" library="SeleniumLibrary">
<arg>${element}</arg>
<doc>Simulates hovering the mouse over the element ``locator``.</doc>
<msg timestamp="20220212 11:42:19.333" level="INFO">Simulating Mouse Over on element 'XPath://div[text()='برند']'.</msg>
<status status="PASS" starttime="20220212 11:42:19.332" endtime="20220212 11:42:19.631"/>
</kw>
<status status="PASS" starttime="20220212 11:42:19.332" endtime="20220212 11:42:19.631"/>
</kw>
<kw name="Click Element" library="SeleniumLibrary">
<arg>${element}</arg>
<doc>Click the element identified by ``locator``.</doc>
<msg timestamp="20220212 11:42:19.632" level="INFO">Clicking element 'XPath://div[text()='برند']'.</msg>
<status status="PASS" starttime="20220212 11:42:19.632" endtime="20220212 11:42:19.879"/>
</kw>
<status status="PASS" starttime="20220212 11:42:17.913" endtime="20220212 11:42:19.879"/>
</kw>
<kw name="Click On Element" library="Basic">
<arg>${brand_apple}</arg>
<doc>do a succesful click</doc>
<kw name="Wait For Element" library="Basic">
<arg>${element}</arg>
<doc>all typed of waits</doc>
<kw name="Wait Until Page Contains Element" library="SeleniumLibrary">
<arg>${locator}</arg>
<doc>Waits until the element ``locator`` appears on the current page.</doc>
<status status="PASS" starttime="20220212 11:42:19.884" endtime="20220212 11:42:19.927"/>
</kw>
<kw name="Wait Until Element Is Visible" library="SeleniumLibrary">
<arg>${locator}</arg>
<doc>Waits until the element ``locator`` is visible.</doc>
<status status="PASS" starttime="20220212 11:42:19.928" endtime="20220212 11:42:19.970"/>
</kw>
<kw name="Wait Until Element Is Enabled" library="SeleniumLibrary">
<arg>${locator}</arg>
<doc>Waits until the element ``locator`` is enabled.</doc>
<status status="PASS" starttime="20220212 11:42:19.971" endtime="20220212 11:42:20.235"/>
</kw>
<status status="PASS" starttime="20220212 11:42:19.883" endtime="20220212 11:42:20.235"/>
</kw>
<kw name="Run Keyword And Ignore Error" library="BuiltIn">
<arg>Scroll Element Into View</arg>
<arg>${element}</arg>
<doc>Runs the given keyword with the given arguments and ignores possible error.</doc>
<kw name="Scroll Element Into View" library="SeleniumLibrary">
<arg>${element}</arg>
<doc>Scrolls the element identified by ``locator`` into view.</doc>
<status status="PASS" starttime="20220212 11:42:20.236" endtime="20220212 11:42:20.551"/>
</kw>
<status status="PASS" starttime="20220212 11:42:20.235" endtime="20220212 11:42:20.551"/>
</kw>
<kw name="Run Keyword And Ignore Error" library="BuiltIn">
<arg>Mouse Over</arg>
<arg>${element}</arg>
<doc>Runs the given keyword with the given arguments and ignores possible error.</doc>
<kw name="Mouse Over" library="SeleniumLibrary">
<arg>${element}</arg>
<doc>Simulates hovering the mouse over the element ``locator``.</doc>
<msg timestamp="20220212 11:42:20.552" level="INFO">Simulating Mouse Over on element 'XPath://*[@id="plpLayoutContainer"]/section[2]/div/div/div[1]/div[2]/div[2]/div[3]/div/div[2]'.</msg>
<status status="PASS" starttime="20220212 11:42:20.552" endtime="20220212 11:42:20.857"/>
</kw>
<status status="PASS" starttime="20220212 11:42:20.551" endtime="20220212 11:42:20.857"/>
</kw>
<kw name="Click Element" library="SeleniumLibrary">
<arg>${element}</arg>
<doc>Click the element identified by ``locator``.</doc>
<msg timestamp="20220212 11:42:20.858" level="INFO">Clicking element 'XPath://*[@id="plpLayoutContainer"]/section[2]/div/div/div[1]/div[2]/div[2]/div[3]/div/div[2]'.</msg>
<status status="PASS" starttime="20220212 11:42:20.858" endtime="20220212 11:42:21.220"/>
</kw>
<status status="PASS" starttime="20220212 11:42:19.882" endtime="20220212 11:42:21.220"/>
</kw>
<kw name="Click On Element" library="Basic">
<arg>${product_element}</arg>
<doc>do a succesful click</doc>
<kw name="Wait For Element" library="Basic">
<arg>${element}</arg>
<doc>all typed of waits</doc>
<kw name="Wait Until Page Contains Element" library="SeleniumLibrary">
<arg>${locator}</arg>
<doc>Waits until the element ``locator`` appears on the current page.</doc>
<status status="PASS" starttime="20220212 11:42:21.227" endtime="20220212 11:42:22.136"/>
</kw>
<kw name="Wait Until Element Is Visible" library="SeleniumLibrary">
<arg>${locator}</arg>
<doc>Waits until the element ``locator`` is visible.</doc>
<status status="PASS" starttime="20220212 11:42:22.136" endtime="20220212 11:42:22.295"/>
</kw>
<kw name="Wait Until Element Is Enabled" library="SeleniumLibrary">
<arg>${locator}</arg>
<doc>Waits until the element ``locator`` is enabled.</doc>
<status status="PASS" starttime="20220212 11:42:22.295" endtime="20220212 11:42:22.340"/>
</kw>
<status status="PASS" starttime="20220212 11:42:21.226" endtime="20220212 11:42:22.340"/>
</kw>
<kw name="Run Keyword And Ignore Error" library="BuiltIn">
<arg>Scroll Element Into View</arg>
<arg>${element}</arg>
<doc>Runs the given keyword with the given arguments and ignores possible error.</doc>
<kw name="Scroll Element Into View" library="SeleniumLibrary">
<arg>${element}</arg>
<doc>Scrolls the element identified by ``locator`` into view.</doc>
<kw name="Capture Page Screenshot" library="SeleniumLibrary">
<doc>Takes a screenshot of the current page and embeds it into a log file.</doc>
<msg timestamp="20220212 11:42:22.742" level="INFO" html="true">&lt;/td&gt;&lt;/tr&gt;&lt;tr&gt;&lt;td colspan="3"&gt;&lt;a href="selenium-screenshot-2.png"&gt;&lt;img src="selenium-screenshot-2.png" width="800px"&gt;&lt;/a&gt;</msg>
<status status="PASS" starttime="20220212 11:42:22.370" endtime="20220212 11:42:22.742"/>
</kw>
<msg timestamp="20220212 11:42:22.745" level="FAIL">MoveTargetOutOfBoundsException: Message: move target out of bounds
  (Session info: chrome=98.0.4758.82)
Stacktrace:
Backtrace:
	Ordinal0 [0x00A97AC3+2587331]
	Ordinal0 [0x00A2ADD1+2141649]
	Ordinal0 [0x00923A80+1063552]
	Ordinal0 [0x00980008+1441800]
	Ordinal0 [0x0096868C+1345164]
	Ordinal0 [0x00978A0A+1411594]
	Ordinal0 [0x009684A6+1344678]
	Ordinal0 [0x009453F6+1201142]
	Ordinal0 [0x009462E6+1204966]
	GetHandleVerifier [0x00C3DF22+1680738]
	GetHandleVerifier [0x00CF0DBC+2413564]
	GetHandleVerifier [0x00B2D151+563089]
	GetHandleVerifier [0x00B2BF13+558419]
	Ordinal0 [0x00A3081E+2164766]
	Ordinal0 [0x00A35508+2184456]
	Ordinal0 [0x00A35650+2184784]
	Ordinal0 [0x00A3F5BC+2225596]
	BaseThreadInitThunk [0x76E56359+25]
	RtlGetAppContainerNamedObjectPath [0x776A87D4+228]
	RtlGetAppContainerNamedObjectPath [0x776A87A4+180]
</msg>
<status status="FAIL" starttime="20220212 11:42:22.341" endtime="20220212 11:42:22.745"/>
</kw>
<status status="PASS" starttime="20220212 11:42:22.341" endtime="20220212 11:42:22.746"/>
</kw>
<kw name="Run Keyword And Ignore Error" library="BuiltIn">
<arg>Mouse Over</arg>
<arg>${element}</arg>
<doc>Runs the given keyword with the given arguments and ignores possible error.</doc>
<kw name="Mouse Over" library="SeleniumLibrary">
<arg>${element}</arg>
<doc>Simulates hovering the mouse over the element ``locator``.</doc>
<msg timestamp="20220212 11:42:22.747" level="INFO">Simulating Mouse Over on element 'XPath:(//h2[contains(text(),' مدل iPhone 13 Pro Max A2644 دو سیم‌ کارت ظرفیت 1 ترابایت و رم 6 گیگابایت')])[1]'.</msg>
<kw name="Capture Page Screenshot" library="SeleniumLibrary">
<doc>Takes a screenshot of the current page and embeds it into a log file.</doc>
<msg timestamp="20220212 11:42:23.139" level="INFO" html="true">&lt;/td&gt;&lt;/tr&gt;&lt;tr&gt;&lt;td colspan="3"&gt;&lt;a href="selenium-screenshot-3.png"&gt;&lt;img src="selenium-screenshot-3.png" width="800px"&gt;&lt;/a&gt;</msg>
<status status="PASS" starttime="20220212 11:42:22.849" endtime="20220212 11:42:23.139"/>
</kw>
<msg timestamp="20220212 11:42:23.142" level="FAIL">MoveTargetOutOfBoundsException: Message: move target out of bounds
  (Session info: chrome=98.0.4758.82)
Stacktrace:
Backtrace:
	Ordinal0 [0x00A97AC3+2587331]
	Ordinal0 [0x00A2ADD1+2141649]
	Ordinal0 [0x00923A80+1063552]
	Ordinal0 [0x00980008+1441800]
	Ordinal0 [0x0096868C+1345164]
	Ordinal0 [0x00978A0A+1411594]
	Ordinal0 [0x009684A6+1344678]
	Ordinal0 [0x009453F6+1201142]
	Ordinal0 [0x009462E6+1204966]
	GetHandleVerifier [0x00C3DF22+1680738]
	GetHandleVerifier [0x00CF0DBC+2413564]
	GetHandleVerifier [0x00B2D151+563089]
	GetHandleVerifier [0x00B2BF13+558419]
	Ordinal0 [0x00A3081E+2164766]
	Ordinal0 [0x00A35508+2184456]
	Ordinal0 [0x00A35650+2184784]
	Ordinal0 [0x00A3F5BC+2225596]
	BaseThreadInitThunk [0x76E56359+25]
	RtlGetAppContainerNamedObjectPath [0x776A87D4+228]
	RtlGetAppContainerNamedObjectPath [0x776A87A4+180]
</msg>
<status status="FAIL" starttime="20220212 11:42:22.747" endtime="20220212 11:42:23.142"/>
</kw>
<status status="PASS" starttime="20220212 11:42:22.746" endtime="20220212 11:42:23.142"/>
</kw>
<kw name="Click Element" library="SeleniumLibrary">
<arg>${element}</arg>
<doc>Click the element identified by ``locator``.</doc>
<msg timestamp="20220212 11:42:23.143" level="INFO">Clicking element 'XPath:(//h2[contains(text(),' مدل iPhone 13 Pro Max A2644 دو سیم‌ کارت ظرفیت 1 ترابایت و رم 6 گیگابایت')])[1]'.</msg>
<status status="PASS" starttime="20220212 11:42:23.142" endtime="20220212 11:42:24.188"/>
</kw>
<status status="PASS" starttime="20220212 11:42:21.225" endtime="20220212 11:42:24.188"/>
</kw>
<kw name="Get Window Handles" library="SeleniumLibrary">
<var>${handle}</var>
<doc>Returns all child window handles of the selected browser as a list.</doc>
<msg timestamp="20220212 11:42:24.315" level="INFO">${handle} = ['CDwindow-1C181B1B19E9CAD7C787A2F21FA3985B', 'CDwindow-EF3C694CADFDE21E78DCE82BE8C79B08']</msg>
<status status="PASS" starttime="20220212 11:42:24.190" endtime="20220212 11:42:24.315"/>
</kw>
<kw name="Switch Window" library="SeleniumLibrary">
<arg>${handle}[1]</arg>
<doc>Switches to browser window matching ``locator``.</doc>
<status status="PASS" starttime="20220212 11:42:24.317" endtime="20220212 11:42:25.412"/>
</kw>
<kw name="Click On Element" library="Basic">
<arg>${add_to_card_button}</arg>
<doc>do a succesful click</doc>
<kw name="Wait For Element" library="Basic">
<arg>${element}</arg>
<doc>all typed of waits</doc>
<kw name="Wait Until Page Contains Element" library="SeleniumLibrary">
<arg>${locator}</arg>
<doc>Waits until the element ``locator`` appears on the current page.</doc>
<status status="PASS" starttime="20220212 11:42:25.414" endtime="20220212 11:43:26.150"/>
</kw>
<kw name="Wait Until Element Is Visible" library="SeleniumLibrary">
<arg>${locator}</arg>
<doc>Waits until the element ``locator`` is visible.</doc>
<status status="PASS" starttime="20220212 11:43:26.151" endtime="20220212 11:43:26.200"/>
</kw>
<kw name="Wait Until Element Is Enabled" library="SeleniumLibrary">
<arg>${locator}</arg>
<doc>Waits until the element ``locator`` is enabled.</doc>
<status status="PASS" starttime="20220212 11:43:26.200" endtime="20220212 11:43:26.260"/>
</kw>
<status status="PASS" starttime="20220212 11:42:25.414" endtime="20220212 11:43:26.261"/>
</kw>
<kw name="Run Keyword And Ignore Error" library="BuiltIn">
<arg>Scroll Element Into View</arg>
<arg>${element}</arg>
<doc>Runs the given keyword with the given arguments and ignores possible error.</doc>
<kw name="Scroll Element Into View" library="SeleniumLibrary">
<arg>${element}</arg>
<doc>Scrolls the element identified by ``locator`` into view.</doc>
<status status="PASS" starttime="20220212 11:43:26.261" endtime="20220212 11:43:26.563"/>
</kw>
<status status="PASS" starttime="20220212 11:43:26.261" endtime="20220212 11:43:26.563"/>
</kw>
<kw name="Run Keyword And Ignore Error" library="BuiltIn">
<arg>Mouse Over</arg>
<arg>${element}</arg>
<doc>Runs the given keyword with the given arguments and ignores possible error.</doc>
<kw name="Mouse Over" library="SeleniumLibrary">
<arg>${element}</arg>
<doc>Simulates hovering the mouse over the element ``locator``.</doc>
<msg timestamp="20220212 11:43:26.564" level="INFO">Simulating Mouse Over on element 'XPath:(//div[text()='افزودن به سبد'])[3]'.</msg>
<status status="PASS" starttime="20220212 11:43:26.564" endtime="20220212 11:43:26.862"/>
</kw>
<status status="PASS" starttime="20220212 11:43:26.564" endtime="20220212 11:43:26.862"/>
</kw>
<kw name="Click Element" library="SeleniumLibrary">
<arg>${element}</arg>
<doc>Click the element identified by ``locator``.</doc>
<msg timestamp="20220212 11:43:26.863" level="INFO">Clicking element 'XPath:(//div[text()='افزودن به سبد'])[3]'.</msg>
<status status="PASS" starttime="20220212 11:43:26.863" endtime="20220212 11:43:26.982"/>
</kw>
<status status="PASS" starttime="20220212 11:42:25.412" endtime="20220212 11:43:26.982"/>
</kw>
<kw name="Click On Element" library="Basic">
<arg>${bascket_button}</arg>
<doc>do a succesful click</doc>
<kw name="Wait For Element" library="Basic">
<arg>${element}</arg>
<doc>all typed of waits</doc>
<kw name="Wait Until Page Contains Element" library="SeleniumLibrary">
<arg>${locator}</arg>
<doc>Waits until the element ``locator`` appears on the current page.</doc>
<status status="PASS" starttime="20220212 11:43:26.984" endtime="20220212 11:43:27.463"/>
</kw>
<kw name="Wait Until Element Is Visible" library="SeleniumLibrary">
<arg>${locator}</arg>
<doc>Waits until the element ``locator`` is visible.</doc>
<status status="PASS" starttime="20220212 11:43:27.463" endtime="20220212 11:43:27.506"/>
</kw>
<kw name="Wait Until Element Is Enabled" library="SeleniumLibrary">
<arg>${locator}</arg>
<doc>Waits until the element ``locator`` is enabled.</doc>
<status status="PASS" starttime="20220212 11:43:27.506" endtime="20220212 11:43:27.563"/>
</kw>
<status status="PASS" starttime="20220212 11:43:26.984" endtime="20220212 11:43:27.564"/>
</kw>
<kw name="Run Keyword And Ignore Error" library="BuiltIn">
<arg>Scroll Element Into View</arg>
<arg>${element}</arg>
<doc>Runs the given keyword with the given arguments and ignores possible error.</doc>
<kw name="Scroll Element Into View" library="SeleniumLibrary">
<arg>${element}</arg>
<doc>Scrolls the element identified by ``locator`` into view.</doc>
<status status="PASS" starttime="20220212 11:43:27.564" endtime="20220212 11:43:27.966"/>
</kw>
<status status="PASS" starttime="20220212 11:43:27.564" endtime="20220212 11:43:27.966"/>
</kw>
<kw name="Run Keyword And Ignore Error" library="BuiltIn">
<arg>Mouse Over</arg>
<arg>${element}</arg>
<doc>Runs the given keyword with the given arguments and ignores possible error.</doc>
<kw name="Mouse Over" library="SeleniumLibrary">
<arg>${element}</arg>
<doc>Simulates hovering the mouse over the element ``locator``.</doc>
<msg timestamp="20220212 11:43:27.967" level="INFO">Simulating Mouse Over on element 'XPath:(//p[text()='سبد خرید'])[1]'.</msg>
<status status="PASS" starttime="20220212 11:43:27.967" endtime="20220212 11:43:28.269"/>
</kw>
<status status="PASS" starttime="20220212 11:43:27.966" endtime="20220212 11:43:28.269"/>
</kw>
<kw name="Click Element" library="SeleniumLibrary">
<arg>${element}</arg>
<doc>Click the element identified by ``locator``.</doc>
<msg timestamp="20220212 11:43:28.270" level="INFO">Clicking element 'XPath:(//p[text()='سبد خرید'])[1]'.</msg>
<status status="PASS" starttime="20220212 11:43:28.269" endtime="20220212 11:43:28.848"/>
</kw>
<status status="PASS" starttime="20220212 11:43:26.983" endtime="20220212 11:43:28.848"/>
</kw>
<kw name="Click On Element" library="Basic">
<arg>${checkout_button}</arg>
<doc>do a succesful click</doc>
<kw name="Wait For Element" library="Basic">
<arg>${element}</arg>
<doc>all typed of waits</doc>
<kw name="Wait Until Page Contains Element" library="SeleniumLibrary">
<arg>${locator}</arg>
<doc>Waits until the element ``locator`` appears on the current page.</doc>
<status status="PASS" starttime="20220212 11:43:28.853" endtime="20220212 11:43:28.901"/>
</kw>
<kw name="Wait Until Element Is Visible" library="SeleniumLibrary">
<arg>${locator}</arg>
<doc>Waits until the element ``locator`` is visible.</doc>
<status status="PASS" starttime="20220212 11:43:28.901" endtime="20220212 11:43:28.936"/>
</kw>
<kw name="Wait Until Element Is Enabled" library="SeleniumLibrary">
<arg>${locator}</arg>
<doc>Waits until the element ``locator`` is enabled.</doc>
<status status="PASS" starttime="20220212 11:43:28.937" endtime="20220212 11:43:28.983"/>
</kw>
<status status="PASS" starttime="20220212 11:43:28.852" endtime="20220212 11:43:28.983"/>
</kw>
<kw name="Run Keyword And Ignore Error" library="BuiltIn">
<arg>Scroll Element Into View</arg>
<arg>${element}</arg>
<doc>Runs the given keyword with the given arguments and ignores possible error.</doc>
<kw name="Scroll Element Into View" library="SeleniumLibrary">
<arg>${element}</arg>
<doc>Scrolls the element identified by ``locator`` into view.</doc>
<status status="PASS" starttime="20220212 11:43:28.984" endtime="20220212 11:43:29.352"/>
</kw>
<status status="PASS" starttime="20220212 11:43:28.983" endtime="20220212 11:43:29.352"/>
</kw>
<kw name="Run Keyword And Ignore Error" library="BuiltIn">
<arg>Mouse Over</arg>
<arg>${element}</arg>
<doc>Runs the given keyword with the given arguments and ignores possible error.</doc>
<kw name="Mouse Over" library="SeleniumLibrary">
<arg>${element}</arg>
<doc>Simulates hovering the mouse over the element ``locator``.</doc>
<msg timestamp="20220212 11:43:29.353" level="INFO">Simulating Mouse Over on element 'XPath://div[text()='ادامه']'.</msg>
<status status="PASS" starttime="20220212 11:43:29.352" endtime="20220212 11:43:29.653"/>
</kw>
<status status="PASS" starttime="20220212 11:43:29.352" endtime="20220212 11:43:29.653"/>
</kw>
<kw name="Click Element" library="SeleniumLibrary">
<arg>${element}</arg>
<doc>Click the element identified by ``locator``.</doc>
<msg timestamp="20220212 11:43:29.655" level="INFO">Clicking element 'XPath://div[text()='ادامه']'.</msg>
<status status="PASS" starttime="20220212 11:43:29.654" endtime="20220212 11:43:29.870"/>
</kw>
<status status="PASS" starttime="20220212 11:43:28.850" endtime="20220212 11:43:29.871"/>
</kw>
<tag>buy</tag>
<tag>Digikala</tag>
<status status="PASS" starttime="20220212 11:42:11.202" endtime="20220212 11:43:29.872"/>
</test>
<test id="s1-t2" name="Delete the item">
<kw name="Go Back" library="Basic">
<doc>go back</doc>
<kw name="Execute Javascript" library="SeleniumLibrary">
<arg>history.back()</arg>
<doc>Executes the given JavaScript code with possible arguments.</doc>
<msg timestamp="20220212 11:43:29.876" level="INFO">Executing JavaScript:
history.back()
Without any arguments.</msg>
<status status="PASS" starttime="20220212 11:43:29.875" endtime="20220212 11:43:30.529"/>
</kw>
<status status="PASS" starttime="20220212 11:43:29.875" endtime="20220212 11:43:30.530"/>
</kw>
<kw name="Click On Element" library="Basic">
<arg>${delete_element}</arg>
<doc>do a succesful click</doc>
<kw name="Wait For Element" library="Basic">
<arg>${element}</arg>
<doc>all typed of waits</doc>
<kw name="Wait Until Page Contains Element" library="SeleniumLibrary">
<arg>${locator}</arg>
<doc>Waits until the element ``locator`` appears on the current page.</doc>
<status status="PASS" starttime="20220212 11:43:30.534" endtime="20220212 11:43:30.642"/>
</kw>
<kw name="Wait Until Element Is Visible" library="SeleniumLibrary">
<arg>${locator}</arg>
<doc>Waits until the element ``locator`` is visible.</doc>
<status status="PASS" starttime="20220212 11:43:30.642" endtime="20220212 11:43:30.690"/>
</kw>
<kw name="Wait Until Element Is Enabled" library="SeleniumLibrary">
<arg>${locator}</arg>
<doc>Waits until the element ``locator`` is enabled.</doc>
<status status="PASS" starttime="20220212 11:43:30.691" endtime="20220212 11:43:30.744"/>
</kw>
<status status="PASS" starttime="20220212 11:43:30.532" endtime="20220212 11:43:30.744"/>
</kw>
<kw name="Run Keyword And Ignore Error" library="BuiltIn">
<arg>Scroll Element Into View</arg>
<arg>${element}</arg>
<doc>Runs the given keyword with the given arguments and ignores possible error.</doc>
<kw name="Scroll Element Into View" library="SeleniumLibrary">
<arg>${element}</arg>
<doc>Scrolls the element identified by ``locator`` into view.</doc>
<status status="PASS" starttime="20220212 11:43:30.745" endtime="20220212 11:43:31.054"/>
</kw>
<status status="PASS" starttime="20220212 11:43:30.745" endtime="20220212 11:43:31.054"/>
</kw>
<kw name="Run Keyword And Ignore Error" library="BuiltIn">
<arg>Mouse Over</arg>
<arg>${element}</arg>
<doc>Runs the given keyword with the given arguments and ignores possible error.</doc>
<kw name="Mouse Over" library="SeleniumLibrary">
<arg>${element}</arg>
<doc>Simulates hovering the mouse over the element ``locator``.</doc>
<msg timestamp="20220212 11:43:31.056" level="INFO">Simulating Mouse Over on element '//*[@id="__next"]/div[1]/div[3]/div[3]/div[2]/div/ul[2]/li/div/div/section/div/div/div[2]/div[2]/div[1]/div[3]/div/button[2]'.</msg>
<status status="PASS" starttime="20220212 11:43:31.055" endtime="20220212 11:43:31.369"/>
</kw>
<status status="PASS" starttime="20220212 11:43:31.055" endtime="20220212 11:43:31.370"/>
</kw>
<kw name="Click Element" library="SeleniumLibrary">
<arg>${element}</arg>
<doc>Click the element identified by ``locator``.</doc>
<msg timestamp="20220212 11:43:31.370" level="INFO">Clicking element '//*[@id="__next"]/div[1]/div[3]/div[3]/div[2]/div/ul[2]/li/div/div/section/div/div/div[2]/div[2]/div[1]/div[3]/div/button[2]'.</msg>
<status status="PASS" starttime="20220212 11:43:31.370" endtime="20220212 11:43:31.525"/>
</kw>
<status status="PASS" starttime="20220212 11:43:30.531" endtime="20220212 11:43:31.526"/>
</kw>
<kw name="Wait For Element" library="Basic">
<arg>${empty_bascket}</arg>
<doc>all typed of waits</doc>
<kw name="Wait Until Page Contains Element" library="SeleniumLibrary">
<arg>${locator}</arg>
<doc>Waits until the element ``locator`` appears on the current page.</doc>
<status status="PASS" starttime="20220212 11:43:31.544" endtime="20220212 11:43:31.875"/>
</kw>
<kw name="Wait Until Element Is Visible" library="SeleniumLibrary">
<arg>${locator}</arg>
<doc>Waits until the element ``locator`` is visible.</doc>
<status status="PASS" starttime="20220212 11:43:31.876" endtime="20220212 11:43:32.504"/>
</kw>
<kw name="Wait Until Element Is Enabled" library="SeleniumLibrary">
<arg>${locator}</arg>
<doc>Waits until the element ``locator`` is enabled.</doc>
<status status="PASS" starttime="20220212 11:43:32.505" endtime="20220212 11:43:32.592"/>
</kw>
<status status="PASS" starttime="20220212 11:43:31.543" endtime="20220212 11:43:32.592"/>
</kw>
<kw name="Page Should Contain" library="SeleniumLibrary">
<arg>${empty_bascket_1}</arg>
<doc>Verifies that current page contains ``text``.</doc>
<msg timestamp="20220212 11:43:32.630" level="INFO">Current page contains text 'خالی'.</msg>
<status status="PASS" starttime="20220212 11:43:32.593" endtime="20220212 11:43:32.630"/>
</kw>
<tag>buy</tag>
<tag>Digikala</tag>
<status status="PASS" starttime="20220212 11:43:29.873" endtime="20220212 11:43:32.631"/>
</test>
<kw name="Close Browser" library="SeleniumLibrary" type="TEARDOWN">
<doc>Closes the current browser.</doc>
<status status="PASS" starttime="20220212 11:43:32.634" endtime="20220212 11:43:36.910"/>
</kw>
<doc>a test suit for buying and deleting an item</doc>
<status status="PASS" starttime="20220212 11:41:14.609" endtime="20220212 11:43:36.910"/>
</suite>
<statistics>
<total>
<stat pass="2" fail="0" skip="0">All Tests</stat>
</total>
<tag>
<stat pass="2" fail="0" skip="0">buy</stat>
<stat pass="2" fail="0" skip="0">Digikala</stat>
</tag>
<suite>
<stat pass="2" fail="0" skip="0" id="s1" name="Buy and Delete Product">Buy and Delete Product</stat>
</suite>
</statistics>
<errors>
</errors>
</robot>
