<?xml version="1.0" encoding="UTF-8"?>
<robot generator="Robot 4.1.3 (Python 3.9.1 on win32)" generated="20220126 20:32:01.812" rpa="false" schemaversion="2">
<suite id="s1" name="Valid Login" source="C:\Users\Fatemeh\GitRepository\Test\UI\TestCases\Login\Valid_Login.robot">
<test id="s1-t1" name="Login to Digikala">
<kw name="Open Page" library="Basic">
<kw name="Set Selenium Speed" library="SeleniumLibrary">
<arg>${SPEED}</arg>
<doc>Sets the delay that is waited after each Selenium command.</doc>
<status status="PASS" starttime="20220126 20:32:02.203" endtime="20220126 20:32:02.203"/>
</kw>
<kw name="Set Selenium Timeout" library="SeleniumLibrary">
<arg>${TIMEOUT}</arg>
<doc>Sets the timeout that is used by various keywords.</doc>
<status status="PASS" starttime="20220126 20:32:02.203" endtime="20220126 20:32:02.204"/>
</kw>
<kw name="Open Browser" library="SeleniumLibrary">
<arg>${google_search_url}</arg>
<arg>${BROWSER}</arg>
<doc>Opens a new browser instance to the optional ``url``.</doc>
<msg timestamp="20220126 20:32:02.204" level="INFO">Opening browser 'chrome' to base url 'https://www.google.com/search?q=digikala'.</msg>
<status status="PASS" starttime="20220126 20:32:02.204" endtime="20220126 20:32:09.596"/>
</kw>
<kw name="Maximize Browser Window" library="SeleniumLibrary">
<doc>Maximizes current browser window.</doc>
<status status="PASS" starttime="20220126 20:32:09.596" endtime="20220126 20:32:09.730"/>
</kw>
<status status="PASS" starttime="20220126 20:32:02.202" endtime="20220126 20:32:09.731"/>
</kw>
<kw name="Login" library="Basic">
<kw name="Wait For Element" library="Basic">
<arg>${first_element_in_google_results}</arg>
<kw name="Wait Until Page Contains Element" library="SeleniumLibrary">
<arg>${locator}</arg>
<doc>Waits until the element ``locator`` appears on the current page.</doc>
<status status="PASS" starttime="20220126 20:32:09.732" endtime="20220126 20:32:09.749"/>
</kw>
<kw name="Wait Until Element Is Visible" library="SeleniumLibrary">
<arg>${locator}</arg>
<doc>Waits until the element ``locator`` is visible.</doc>
<status status="PASS" starttime="20220126 20:32:09.750" endtime="20220126 20:32:09.782"/>
</kw>
<kw name="Wait Until Element Is Enabled" library="SeleniumLibrary">
<arg>${locator}</arg>
<doc>Waits until the element ``locator`` is enabled.</doc>
<status status="PASS" starttime="20220126 20:32:09.782" endtime="20220126 20:32:09.828"/>
</kw>
<status status="PASS" starttime="20220126 20:32:09.732" endtime="20220126 20:32:09.829"/>
</kw>
<kw name="Click Element" library="SeleniumLibrary">
<arg>${first_element_in_google_results}</arg>
<doc>Click the element identified by ``locator``.</doc>
<msg timestamp="20220126 20:32:09.829" level="INFO">Clicking element 'css:div#rso&gt;div:nth-child(1)&gt;div&gt;div&gt;div&gt;div&gt;div&gt;div&gt;div.yuRUbf&gt;a&gt;h3'.</msg>
<status status="PASS" starttime="20220126 20:32:09.829" endtime="20220126 20:32:43.528"/>
</kw>
<kw name="Wait For Element" library="Basic">
<arg>${login_button}</arg>
<kw name="Wait Until Page Contains Element" library="SeleniumLibrary">
<arg>${locator}</arg>
<doc>Waits until the element ``locator`` appears on the current page.</doc>
<status status="PASS" starttime="20220126 20:32:43.530" endtime="20220126 20:32:43.626"/>
</kw>
<kw name="Wait Until Element Is Visible" library="SeleniumLibrary">
<arg>${locator}</arg>
<doc>Waits until the element ``locator`` is visible.</doc>
<status status="PASS" starttime="20220126 20:32:43.626" endtime="20220126 20:32:43.684"/>
</kw>
<kw name="Wait Until Element Is Enabled" library="SeleniumLibrary">
<arg>${locator}</arg>
<doc>Waits until the element ``locator`` is enabled.</doc>
<status status="PASS" starttime="20220126 20:32:43.684" endtime="20220126 20:32:43.751"/>
</kw>
<status status="PASS" starttime="20220126 20:32:43.529" endtime="20220126 20:32:43.751"/>
</kw>
<kw name="Click Element" library="SeleniumLibrary">
<arg>${login_button}</arg>
<doc>Click the element identified by ``locator``.</doc>
<msg timestamp="20220126 20:32:43.752" level="INFO">Clicking element 'class:c-header__btn-login'.</msg>
<status status="PASS" starttime="20220126 20:32:43.751" endtime="20220126 20:32:45.654"/>
</kw>
<kw name="Wait For Element" library="Basic">
<arg>${email_phone_edittext}</arg>
<kw name="Wait Until Page Contains Element" library="SeleniumLibrary">
<arg>${locator}</arg>
<doc>Waits until the element ``locator`` appears on the current page.</doc>
<status status="PASS" starttime="20220126 20:32:45.655" endtime="20220126 20:32:45.703"/>
</kw>
<kw name="Wait Until Element Is Visible" library="SeleniumLibrary">
<arg>${locator}</arg>
<doc>Waits until the element ``locator`` is visible.</doc>
<status status="PASS" starttime="20220126 20:32:45.703" endtime="20220126 20:32:45.733"/>
</kw>
<kw name="Wait Until Element Is Enabled" library="SeleniumLibrary">
<arg>${locator}</arg>
<doc>Waits until the element ``locator`` is enabled.</doc>
<status status="PASS" starttime="20220126 20:32:45.734" endtime="20220126 20:32:45.773"/>
</kw>
<status status="PASS" starttime="20220126 20:32:45.654" endtime="20220126 20:32:45.774"/>
</kw>
<kw name="Input Text" library="SeleniumLibrary">
<arg>${email_phone_edittext}</arg>
<arg>${USERNAME}</arg>
<doc>Types the given ``text`` into the text field identified by ``locator``.</doc>
<msg timestamp="20220126 20:32:45.774" level="INFO">Typing text 'fatemeh.1374.b@gmail.com' into text field 'name:login[email_phone]'.</msg>
<status status="PASS" starttime="20220126 20:32:45.774" endtime="20220126 20:32:45.951"/>
</kw>
<kw name="Click Element" library="SeleniumLibrary">
<arg>${submit_button}</arg>
<doc>Click the element identified by ``locator``.</doc>
<msg timestamp="20220126 20:32:45.952" level="INFO">Clicking element 'css:button[type='submit']'.</msg>
<status status="PASS" starttime="20220126 20:32:45.952" endtime="20220126 20:33:11.897"/>
</kw>
<kw name="Wait For Element" library="Basic">
<arg>${password_edittext}</arg>
<kw name="Wait Until Page Contains Element" library="SeleniumLibrary">
<arg>${locator}</arg>
<doc>Waits until the element ``locator`` appears on the current page.</doc>
<status status="PASS" starttime="20220126 20:33:11.899" endtime="20220126 20:33:11.919"/>
</kw>
<kw name="Wait Until Element Is Visible" library="SeleniumLibrary">
<arg>${locator}</arg>
<doc>Waits until the element ``locator`` is visible.</doc>
<status status="PASS" starttime="20220126 20:33:11.919" endtime="20220126 20:33:11.949"/>
</kw>
<kw name="Wait Until Element Is Enabled" library="SeleniumLibrary">
<arg>${locator}</arg>
<doc>Waits until the element ``locator`` is enabled.</doc>
<status status="PASS" starttime="20220126 20:33:11.949" endtime="20220126 20:33:11.988"/>
</kw>
<status status="PASS" starttime="20220126 20:33:11.898" endtime="20220126 20:33:11.988"/>
</kw>
<kw name="Input Text" library="SeleniumLibrary">
<arg>${password_edittext}</arg>
<arg>${PASSWORD}</arg>
<doc>Types the given ``text`` into the text field identified by ``locator``.</doc>
<msg timestamp="20220126 20:33:11.989" level="INFO">Typing text 'guitar' into text field 'name:login[password]'.</msg>
<status status="PASS" starttime="20220126 20:33:11.989" endtime="20220126 20:33:12.112"/>
</kw>
<kw name="Click Element" library="SeleniumLibrary">
<arg>${submit_button}</arg>
<doc>Click the element identified by ``locator``.</doc>
<msg timestamp="20220126 20:33:12.112" level="INFO">Clicking element 'css:button[type='submit']'.</msg>
<status status="PASS" starttime="20220126 20:33:12.112" endtime="20220126 20:33:16.714"/>
</kw>
<kw name="Click Element" library="SeleniumLibrary">
<arg>${profile_button}</arg>
<doc>Click the element identified by ``locator``.</doc>
<msg timestamp="20220126 20:33:16.715" level="INFO">Clicking element 'class:c-header__btn-profile'.</msg>
<status status="PASS" starttime="20220126 20:33:16.714" endtime="20220126 20:33:17.966"/>
</kw>
<kw name="Element Should Contain" library="SeleniumLibrary">
<arg>${profile_info_element}</arg>
<arg>${name}</arg>
<doc>Verifies that element ``locator`` contains text ``expected``.</doc>
<msg timestamp="20220126 20:33:18.079" level="INFO">Element 'class:c-header__profile-dropdown-user-info' contains text 'فاطمه بخشی'.</msg>
<status status="PASS" starttime="20220126 20:33:17.966" endtime="20220126 20:33:18.079"/>
</kw>
<status status="PASS" starttime="20220126 20:32:09.731" endtime="20220126 20:33:18.080"/>
</kw>
<tag>Digikala</tag>
<status status="PASS" starttime="20220126 20:32:02.201" endtime="20220126 20:33:18.081"/>
</test>
<kw name="Close Browser" library="SeleniumLibrary" type="TEARDOWN">
<doc>Closes the current browser.</doc>
<status status="PASS" starttime="20220126 20:33:18.084" endtime="20220126 20:33:20.328"/>
</kw>
<doc>a test suit for valid login</doc>
<status status="PASS" starttime="20220126 20:32:01.815" endtime="20220126 20:33:20.328"/>
</suite>
<statistics>
<total>
<stat pass="1" fail="0" skip="0">All Tests</stat>
</total>
<tag>
<stat pass="1" fail="0" skip="0">Digikala</stat>
</tag>
<suite>
<stat pass="1" fail="0" skip="0" id="s1" name="Valid Login">Valid Login</stat>
</suite>
</statistics>
<errors>
</errors>
</robot>
