<?xml version="1.0" encoding="UTF-8"?>
<robot generator="Robot 4.1.3 (Python 3.9.1 on win32)" generated="20220201 11:40:32.180" rpa="false" schemaversion="2">
<suite id="s1" name="API" source="C:\Users\Fatemeh\GitRepository\Test\API\TestCases\API.robot">
<test id="s1-t1" name="Get Info">
<kw name="Create Session" library="RequestsLibrary">
<arg>first_session</arg>
<arg>${first_scenario_url}</arg>
<doc>Create Session: create a HTTP session to a server</doc>
<msg timestamp="20220201 11:40:32.930" level="INFO">Creating Session using : alias=first_session, url=https://gorest.co.in, headers={},                     cookies={}, auth=None, timeout=None, proxies=None, verify=False,                     debug=0 </msg>
<status status="PASS" starttime="20220201 11:40:32.929" endtime="20220201 11:40:32.931"/>
</kw>
<kw name="GET On Session" library="RequestsLibrary">
<var>${response}</var>
<arg>first_session</arg>
<arg>/public/v1/posts/123/comments</arg>
<doc>Sends a GET request on a previously created HTTP Session.</doc>
<msg timestamp="20220201 11:40:34.717" level="INFO">GET Request : url=https://gorest.co.in/public/v1/posts/123/comments 
 path_url=/public/v1/posts/123/comments 
 headers={'User-Agent': 'python-requests/2.25.1', 'Accept-Encoding': 'gzip, deflate', 'Accept': '*/*', 'Connection': 'keep-alive'} 
 body=None 
 </msg>
<msg timestamp="20220201 11:40:34.718" level="INFO">GET Response : url=https://gorest.co.in/public/v1/posts/123/comments 
 status=200, reason=OK 
 headers={'Server': 'nginx', 'Date': 'Tue, 01 Feb 2022 08:10:34 GMT', 'Content-Type': 'application/json; charset=utf-8', 'Transfer-Encoding': 'chunked', 'Connection': 'keep-alive', 'Vary': 'Accept-Encoding, Origin', 'X-Frame-Options': 'SAMEORIGIN', 'X-XSS-Protection': '0', 'X-Content-Type-Options': 'nosniff', 'X-Download-Options': 'noopen', 'X-Permitted-Cross-Domain-Policies': 'none', 'Referrer-Policy': 'strict-origin-when-cross-origin', 'ETag': 'W/"996e3e39561b73e0aaf72fec3fa2ca2d"', 'Cache-Control': 'max-age=0, private, must-revalidate', 'X-Request-Id': 'a347141e-0844-4437-add3-9857a7e99f1d', 'X-Runtime': '0.010799', 'Strict-Transport-Security': 'max-age=63072000; includeSubDomains', 'Content-Encoding': 'gzip'} 
 body={"meta":{"pagination":{"total":0,"pages":0,"page":1,"limit":20,"links":{"previous":null,"current":null,"next":null}}},"data":[]} 
 </msg>
<msg timestamp="20220201 11:40:34.718" level="INFO">c:\users\fatemeh\appdata\local\programs\python\python39\lib\site-packages\urllib3\connectionpool.py:1013: InsecureRequestWarning: Unverified HTTPS request is being made to host 'gorest.co.in'. Adding certificate verification is strongly advised. See: https://urllib3.readthedocs.io/en/latest/advanced-usage.html#ssl-warnings
  warnings.warn(</msg>
<msg timestamp="20220201 11:40:34.721" level="INFO">${response} = &lt;Response [200]&gt;</msg>
<status status="PASS" starttime="20220201 11:40:32.932" endtime="20220201 11:40:34.721"/>
</kw>
<kw name="Convert To String" library="BuiltIn">
<var>${stringg_response}</var>
<arg>${response.content}</arg>
<doc>Converts the given item to a Unicode string.</doc>
<msg timestamp="20220201 11:40:34.728" level="INFO">${stringg_response} = {"meta":{"pagination":{"total":0,"pages":0,"page":1,"limit":20,"links":{"previous":null,"current":null,"next":null}}},"data":[]}</msg>
<status status="PASS" starttime="20220201 11:40:34.723" endtime="20220201 11:40:34.728"/>
</kw>
<kw name="To Json" library="RequestsLibrary">
<var>${json_object}</var>
<arg>${stringg_response}</arg>
<doc>*DEPRECATED* Please use ${resp.json()} instead. Have a look at the improved HTML output as pretty printing replacement.</doc>
<msg timestamp="20220201 11:40:34.730" level="WARN">Keyword 'RequestsLibrary.To Json' is deprecated. Please use ${resp.json()} instead. Have a look at the improved HTML output as pretty printing replacement.</msg>
<msg timestamp="20220201 11:40:34.734" level="INFO">To JSON using : content={"meta":{"pagination":{"total":0,"pages":0,"page":1,"limit":20,"links":{"previous":null,"current":null,"next":null}}},"data":[]} </msg>
<msg timestamp="20220201 11:40:34.734" level="INFO">To JSON using : pretty_print=False </msg>
<msg timestamp="20220201 11:40:34.735" level="INFO">${json_object} = {'meta': {'pagination': {'total': 0, 'pages': 0, 'page': 1, 'limit': 20, 'links': {'previous': None, 'current': None, 'next': None}}}, 'data': []}</msg>
<status status="PASS" starttime="20220201 11:40:34.729" endtime="20220201 11:40:34.735"/>
</kw>
<kw name="Convert To String" library="BuiltIn">
<var>${data_object}</var>
<arg>${json_object}[${data_key}]</arg>
<doc>Converts the given item to a Unicode string.</doc>
<msg timestamp="20220201 11:40:34.738" level="INFO">${data_object} = []</msg>
<status status="PASS" starttime="20220201 11:40:34.736" endtime="20220201 11:40:34.739"/>
</kw>
<kw name="Get Value From Json" library="JSONLibrary">
<var>${values}</var>
<arg>${json_object}</arg>
<arg>${pages_value_path}</arg>
<doc>Get Value From JSON using JSONPath</doc>
<msg timestamp="20220201 11:40:34.812" level="INFO">${values} = [1]</msg>
<status status="PASS" starttime="20220201 11:40:34.740" endtime="20220201 11:40:34.812"/>
</kw>
<kw name="Convert To String" library="BuiltIn">
<var>${pages_string_value}</var>
<arg>${values}</arg>
<doc>Converts the given item to a Unicode string.</doc>
<msg timestamp="20220201 11:40:34.814" level="INFO">${pages_string_value} = [1]</msg>
<status status="PASS" starttime="20220201 11:40:34.813" endtime="20220201 11:40:34.814"/>
</kw>
<kw name="Should Be Equal" library="BuiltIn">
<arg>${data_object}</arg>
<arg>[]</arg>
<doc>Fails if the given objects are unequal.</doc>
<status status="PASS" starttime="20220201 11:40:34.814" endtime="20220201 11:40:34.815"/>
</kw>
<kw name="Should Be Equal" library="BuiltIn">
<arg>${pages_string_value}</arg>
<arg>[1]</arg>
<doc>Fails if the given objects are unequal.</doc>
<status status="PASS" starttime="20220201 11:40:34.816" endtime="20220201 11:40:34.818"/>
</kw>
<tag>API</tag>
<tag>GET</tag>
<status status="PASS" starttime="20220201 11:40:32.929" endtime="20220201 11:40:34.820"/>
</test>
<test id="s1-t2" name="Post Info1">
<kw name="Create Dictionary" library="BuiltIn">
<var>${header}</var>
<arg>Content-Type=application/json</arg>
<arg>Accept=application/json</arg>
<doc>Creates and returns a dictionary based on the given ``items``.</doc>
<msg timestamp="20220201 11:40:34.827" level="INFO">${header} = {'Content-Type': 'application/json', 'Accept': 'application/json'}</msg>
<status status="PASS" starttime="20220201 11:40:34.825" endtime="20220201 11:40:34.827"/>
</kw>
<kw name="Create Session" library="RequestsLibrary">
<arg>second_session</arg>
<arg>${second_scenario_url}</arg>
<arg>verify=true</arg>
<doc>Create Session: create a HTTP session to a server</doc>
<msg timestamp="20220201 11:40:34.828" level="INFO">Creating Session using : alias=second_session, url=https://reqres.in, headers={},                     cookies={}, auth=None, timeout=None, proxies=None, verify=True,                     debug=0 </msg>
<status status="PASS" starttime="20220201 11:40:34.827" endtime="20220201 11:40:34.828"/>
</kw>
<kw name="POST On Session" library="RequestsLibrary">
<var>${response}</var>
<arg>second_session</arg>
<arg>/api/users</arg>
<arg>data= ${body_1}</arg>
<arg>headers=${header}</arg>
<doc>Sends a POST request on a previously created HTTP Session.</doc>
<msg timestamp="20220201 11:40:35.207" level="INFO">POST Request : url=https://reqres.in/api/users 
 path_url=/api/users 
 headers={'User-Agent': 'python-requests/2.25.1', 'Accept-Encoding': 'gzip, deflate', 'Accept': 'application/json', 'Connection': 'keep-alive', 'Content-Type': 'application/json', 'Content-Length': '38'} 
 body= {"name": "mourfeus", "job": "leader"} 
 </msg>
<msg timestamp="20220201 11:40:35.208" level="INFO">POST Response : url=https://reqres.in/api/users 
 status=201, reason=Created 
 headers={'Date': 'Tue, 01 Feb 2022 08:10:35 GMT', 'Content-Type': 'application/json; charset=utf-8', 'Content-Length': '84', 'Connection': 'keep-alive', 'x-powered-by': 'Express', 'access-control-allow-origin': '*', 'etag': 'W/"54-f2p0sxOFrCofhZ8h/fUGwsXTY4g"', 'via': '1.1 vegur', 'CF-Cache-Status': 'DYNAMIC', 'Expect-CT': 'max-age=604800, report-uri="https://report-uri.cloudflare.com/cdn-cgi/beacon/expect-ct"', 'Report-To': '{"endpoints":[{"url":"https:\\/\\/a.nel.cloudflare.com\\/report\\/v3?s=f%2BdHn0SSsAVKSi%2FfODqml0cDLjd%2BM2Ug8CeiVm886wl6LnrwqPNM0hNDZboaIIYK4SnX8gzpUVvOSvEeDaCPbokVj4ivgtcOp5pU5zCLUvjxAfvIIT1LB72v4zU%3D"}],"group":"cf-nel","max_age":604800}', 'NEL': '{"success_fraction":0,"report_to":"cf-nel","max_age":604800}', 'Server': 'cloudflare', 'CF-RAY': '6d69b4420e9d5b74-FRA', 'alt-svc': 'h3=":443"; ma=86400, h3-29=":443"; ma=86400'} 
 body={"name":"mourfeus","job":"leader","id":"775","createdAt":"2022-02-01T08:10:35.262Z"} 
 </msg>
<msg timestamp="20220201 11:40:35.208" level="INFO">${response} = &lt;Response [201]&gt;</msg>
<status status="PASS" starttime="20220201 11:40:34.829" endtime="20220201 11:40:35.208"/>
</kw>
<kw name="Convert To String" library="BuiltIn">
<var>${response_string_status}</var>
<arg>${response.status_code}</arg>
<doc>Converts the given item to a Unicode string.</doc>
<msg timestamp="20220201 11:40:35.211" level="INFO">${response_string_status} = 201</msg>
<status status="PASS" starttime="20220201 11:40:35.209" endtime="20220201 11:40:35.211"/>
</kw>
<kw name="Should Be Equal" library="BuiltIn">
<arg>${response_string_status}</arg>
<arg>201</arg>
<doc>Fails if the given objects are unequal.</doc>
<status status="PASS" starttime="20220201 11:40:35.212" endtime="20220201 11:40:35.213"/>
</kw>
<kw name="Convert To String" library="BuiltIn">
<var>${response_string_content}</var>
<arg>${response.content}</arg>
<doc>Converts the given item to a Unicode string.</doc>
<msg timestamp="20220201 11:40:35.215" level="INFO">${response_string_content} = {"name":"mourfeus","job":"leader","id":"775","createdAt":"2022-02-01T08:10:35.262Z"}</msg>
<status status="PASS" starttime="20220201 11:40:35.213" endtime="20220201 11:40:35.215"/>
</kw>
<kw name="Should Contain" library="BuiltIn">
<arg>${response_string_content}</arg>
<arg>mourfeus</arg>
<arg>job</arg>
<doc>Fails if ``container`` does not contain ``item`` one or more times.</doc>
<status status="PASS" starttime="20220201 11:40:35.216" endtime="20220201 11:40:35.217"/>
</kw>
<tag>API</tag>
<tag>GET</tag>
<status status="PASS" starttime="20220201 11:40:34.824" endtime="20220201 11:40:35.218"/>
</test>
<test id="s1-t3" name="Post Info2">
<kw name="Create Session" library="RequestsLibrary">
<arg>third_session</arg>
<arg>${third_scenario_url}</arg>
<arg>verify=true</arg>
<doc>Create Session: create a HTTP session to a server</doc>
<msg timestamp="20220201 11:40:35.223" level="INFO">Creating Session using : alias=third_session, url=https://reqres.in, headers={},                     cookies={}, auth=None, timeout=None, proxies=None, verify=True,                     debug=0 </msg>
<status status="PASS" starttime="20220201 11:40:35.222" endtime="20220201 11:40:35.224"/>
</kw>
<kw name="Create Dictionary" library="BuiltIn">
<var>${header}</var>
<arg>Content-type=application/json</arg>
<arg>Accept=application/json</arg>
<doc>Creates and returns a dictionary based on the given ``items``.</doc>
<msg timestamp="20220201 11:40:35.225" level="INFO">${header} = {'Content-type': 'application/json', 'Accept': 'application/json'}</msg>
<status status="PASS" starttime="20220201 11:40:35.224" endtime="20220201 11:40:35.225"/>
</kw>
<kw name="POST On Session" library="RequestsLibrary">
<var>${response}</var>
<arg>third_session</arg>
<arg>api/register</arg>
<arg>data=${body_2}</arg>
<arg>expected_status=400</arg>
<doc>Sends a POST request on a previously created HTTP Session.</doc>
<msg timestamp="20220201 11:40:35.600" level="INFO">POST Request : url=https://reqres.in/api/register 
 path_url=/api/register 
 headers={'User-Agent': 'python-requests/2.25.1', 'Accept-Encoding': 'gzip, deflate', 'Accept': '*/*', 'Connection': 'keep-alive', 'Content-Length': '24'} 
 body={"email": "sydney@fife"} 
 </msg>
<msg timestamp="20220201 11:40:35.601" level="INFO">POST Response : url=https://reqres.in/api/register 
 status=400, reason=Bad Request 
 headers={'Date': 'Tue, 01 Feb 2022 08:10:35 GMT', 'Content-Type': 'application/json; charset=utf-8', 'Content-Length': '37', 'Connection': 'keep-alive', 'x-powered-by': 'Express', 'access-control-allow-origin': '*', 'etag': 'W/"25-Ik70kof1lbc973ShN5FoVPxYn7A"', 'via': '1.1 vegur', 'CF-Cache-Status': 'DYNAMIC', 'Expect-CT': 'max-age=604800, report-uri="https://report-uri.cloudflare.com/cdn-cgi/beacon/expect-ct"', 'Report-To': '{"endpoints":[{"url":"https:\\/\\/a.nel.cloudflare.com\\/report\\/v3?s=MC98sWsJS7Q1UcD%2B2WwN10DBNCY7G%2FZyOtYGVSuRKGum1uAAckLr2YOgr1zTWw9GukVIjCuQkECVk8hccKJ3ay6W%2BI%2B7gWJ2A%2FC%2B9jtyDy%2B%2BqSyl04L8l%2FVJEBQ%3D"}],"group":"cf-nel","max_age":604800}', 'NEL': '{"success_fraction":0,"report_to":"cf-nel","max_age":604800}', 'Server': 'cloudflare', 'CF-RAY': '6d69b4448c399293-FRA', 'alt-svc': 'h3=":443"; ma=86400, h3-29=":443"; ma=86400'} 
 body={"error":"Missing email or username"} 
 </msg>
<msg timestamp="20220201 11:40:35.601" level="INFO">${response} = &lt;Response [400]&gt;</msg>
<status status="PASS" starttime="20220201 11:40:35.225" endtime="20220201 11:40:35.601"/>
</kw>
<tag>API</tag>
<tag>GET</tag>
<status status="PASS" starttime="20220201 11:40:35.220" endtime="20220201 11:40:35.603"/>
</test>
<test id="s1-t4" name="Post Info3">
<kw name="Create Dictionary" library="BuiltIn">
<var>${header}</var>
<arg>Content-Type=application/json</arg>
<arg>Accept=application/json</arg>
<doc>Creates and returns a dictionary based on the given ``items``.</doc>
<msg timestamp="20220201 11:40:35.611" level="INFO">${header} = {'Content-Type': 'application/json', 'Accept': 'application/json'}</msg>
<status status="PASS" starttime="20220201 11:40:35.609" endtime="20220201 11:40:35.611"/>
</kw>
<kw name="Create Session" library="RequestsLibrary">
<arg>second_session</arg>
<arg>${second_scenario_url}</arg>
<arg>verify=true</arg>
<doc>Create Session: create a HTTP session to a server</doc>
<msg timestamp="20220201 11:40:35.614" level="INFO">Creating Session using : alias=second_session, url=https://reqres.in, headers={},                     cookies={}, auth=None, timeout=None, proxies=None, verify=True,                     debug=0 </msg>
<status status="PASS" starttime="20220201 11:40:35.612" endtime="20220201 11:40:35.615"/>
</kw>
<kw name="POST On Session" library="RequestsLibrary">
<var>${response}</var>
<arg>second_session</arg>
<arg>/api/users</arg>
<arg>data= ${body_3}</arg>
<arg>headers=${header}</arg>
<doc>Sends a POST request on a previously created HTTP Session.</doc>
<msg timestamp="20220201 11:40:36.025" level="INFO">POST Request : url=https://reqres.in/api/users 
 path_url=/api/users 
 headers={'User-Agent': 'python-requests/2.25.1', 'Accept-Encoding': 'gzip, deflate', 'Accept': 'application/json', 'Connection': 'keep-alive', 'Content-Type': 'application/json', 'Content-Length': '62'} 
 body= {"name": "david", "job": "leader","email": "david@email.com"} 
 </msg>
<msg timestamp="20220201 11:40:36.025" level="INFO">POST Response : url=https://reqres.in/api/users 
 status=201, reason=Created 
 headers={'Date': 'Tue, 01 Feb 2022 08:10:36 GMT', 'Content-Type': 'application/json; charset=utf-8', 'Content-Length': '107', 'Connection': 'keep-alive', 'x-powered-by': 'Express', 'access-control-allow-origin': '*', 'etag': 'W/"6b-VmfC5+VgaEHng/dopjul5R45zNE"', 'via': '1.1 vegur', 'CF-Cache-Status': 'DYNAMIC', 'Expect-CT': 'max-age=604800, report-uri="https://report-uri.cloudflare.com/cdn-cgi/beacon/expect-ct"', 'Report-To': '{"endpoints":[{"url":"https:\\/\\/a.nel.cloudflare.com\\/report\\/v3?s=dZpo6Fye2H65X0jYSkiHN4CbUPNnBkIcI9GGLBLBkftTGpkoDoLUepA33HDnG4Fk%2BqEEZHiyI8mmvGLTcZhTlge3ltuuOuVxjmsF4eGRFT1s6s9IWIQzC%2FiBji4%3D"}],"group":"cf-nel","max_age":604800}', 'NEL': '{"success_fraction":0,"report_to":"cf-nel","max_age":604800}', 'Server': 'cloudflare', 'CF-RAY': '6d69b4470b9590ee-FRA', 'alt-svc': 'h3=":443"; ma=86400, h3-29=":443"; ma=86400'} 
 body={"name":"david","job":"leader","email":"david@email.com","id":"891","createdAt":"2022-02-01T08:10:36.070Z"} 
 </msg>
<msg timestamp="20220201 11:40:36.026" level="INFO">${response} = &lt;Response [201]&gt;</msg>
<status status="PASS" starttime="20220201 11:40:35.616" endtime="20220201 11:40:36.026"/>
</kw>
<kw name="Convert To String" library="BuiltIn">
<var>${response_string_status}</var>
<arg>${response.status_code}</arg>
<doc>Converts the given item to a Unicode string.</doc>
<msg timestamp="20220201 11:40:36.028" level="INFO">${response_string_status} = 201</msg>
<status status="PASS" starttime="20220201 11:40:36.027" endtime="20220201 11:40:36.028"/>
</kw>
<kw name="Should Be Equal" library="BuiltIn">
<arg>${response_string_status}</arg>
<arg>201</arg>
<doc>Fails if the given objects are unequal.</doc>
<status status="PASS" starttime="20220201 11:40:36.029" endtime="20220201 11:40:36.030"/>
</kw>
<kw name="Should Be Equal" library="BuiltIn">
<arg>${response.json()}[name]</arg>
<arg>david</arg>
<doc>Fails if the given objects are unequal.</doc>
<status status="PASS" starttime="20220201 11:40:36.030" endtime="20220201 11:40:36.032"/>
</kw>
<kw name="Should Be Equal" library="BuiltIn">
<arg>${response.json()}[email]</arg>
<arg>david@email.com</arg>
<doc>Fails if the given objects are unequal.</doc>
<status status="PASS" starttime="20220201 11:40:36.032" endtime="20220201 11:40:36.034"/>
</kw>
<kw name="Convert To Integer" library="BuiltIn">
<var>${id}</var>
<arg>${response.json()}[id]</arg>
<doc>Converts the given item to an integer number.</doc>
<msg timestamp="20220201 11:40:36.037" level="INFO">${id} = 891</msg>
<status status="PASS" starttime="20220201 11:40:36.035" endtime="20220201 11:40:36.037"/>
</kw>
<kw name="Evaluate" library="BuiltIn">
<var>${more_than_100}</var>
<arg>(${id} / ${100})&gt;=${0}</arg>
<doc>Evaluates the given expression in Python and returns the result.</doc>
<msg timestamp="20220201 11:40:36.042" level="INFO">${more_than_100} = True</msg>
<status status="PASS" starttime="20220201 11:40:36.038" endtime="20220201 11:40:36.042"/>
</kw>
<kw name="Evaluate" library="BuiltIn">
<var>${less_than_1000}</var>
<arg>(${id} / ${1000})&lt;${1}</arg>
<doc>Evaluates the given expression in Python and returns the result.</doc>
<msg timestamp="20220201 11:40:36.046" level="INFO">${less_than_1000} = True</msg>
<status status="PASS" starttime="20220201 11:40:36.043" endtime="20220201 11:40:36.046"/>
</kw>
<kw name="Should Be True" library="BuiltIn">
<arg>${more_than_100} and ${less_than_1000}</arg>
<doc>Fails if the given condition is not true.</doc>
<status status="PASS" starttime="20220201 11:40:36.047" endtime="20220201 11:40:36.048"/>
</kw>
<kw name="Convert Time" library="ConvertDate">
<var>${jalali_date}</var>
<arg>${response.json()}[createdAt]</arg>
<msg timestamp="20220201 11:40:36.051" level="INFO">${jalali_date} = 1400-11-12T08:10:36.070Z</msg>
<status status="PASS" starttime="20220201 11:40:36.049" endtime="20220201 11:40:36.051"/>
</kw>
<kw name="Log To Console" library="BuiltIn">
<arg>${jalali_date}</arg>
<doc>Logs the given message to the console.</doc>
<status status="PASS" starttime="20220201 11:40:36.052" endtime="20220201 11:40:36.053"/>
</kw>
<tag>API</tag>
<tag>GET</tag>
<status status="PASS" starttime="20220201 11:40:35.607" endtime="20220201 11:40:36.054"/>
</test>
<doc>a test case for learning API requests</doc>
<status status="PASS" starttime="20220201 11:40:32.184" endtime="20220201 11:40:36.056"/>
</suite>
<statistics>
<total>
<stat pass="4" fail="0" skip="0">All Tests</stat>
</total>
<tag>
<stat pass="4" fail="0" skip="0">API</stat>
<stat pass="4" fail="0" skip="0">GET</stat>
</tag>
<suite>
<stat pass="4" fail="0" skip="0" id="s1" name="API">API</stat>
</suite>
</statistics>
<errors>
<msg timestamp="20220201 11:40:34.730" level="WARN">Keyword 'RequestsLibrary.To Json' is deprecated. Please use ${resp.json()} instead. Have a look at the improved HTML output as pretty printing replacement.</msg>
</errors>
</robot>
