<?xml version="1.0" encoding="UTF-8"?>
<robot generator="Robot 4.1.3 (Python 3.9.1 on win32)" generated="20220206 12:01:49.316" rpa="false" schemaversion="2">
<suite id="s1" name="API" source="C:\Users\Fatemeh\GitRepository\Test\API\TestCases\API.robot">
<test id="s1-t1" name="Get Info 1">
<kw name="Create Session" library="RequestsLibrary">
<arg>first_session</arg>
<arg>${first_scenario_url}</arg>
<doc>Create Session: create a HTTP session to a server</doc>
<msg timestamp="20220206 12:01:50.466" level="INFO">Creating Session using : alias=first_session, url=https://gorest.co.in, headers={},                     cookies={}, auth=None, timeout=None, proxies=None, verify=False,                     debug=0 </msg>
<status status="PASS" starttime="20220206 12:01:50.465" endtime="20220206 12:01:50.466"/>
</kw>
<kw name="GET On Session" library="RequestsLibrary">
<var>${response}</var>
<arg>first_session</arg>
<arg>/public/v1/posts/123/comments</arg>
<doc>Sends a GET request on a previously created HTTP Session.</doc>
<msg timestamp="20220206 12:01:51.924" level="INFO">GET Request : url=https://gorest.co.in/public/v1/posts/123/comments 
 path_url=/public/v1/posts/123/comments 
 headers={'User-Agent': 'python-requests/2.25.1', 'Accept-Encoding': 'gzip, deflate', 'Accept': '*/*', 'Connection': 'keep-alive'} 
 body=None 
 </msg>
<msg timestamp="20220206 12:01:51.924" level="INFO">GET Response : url=https://gorest.co.in/public/v1/posts/123/comments 
 status=200, reason=OK 
 headers={'Server': 'nginx', 'Date': 'Sun, 06 Feb 2022 08:31:52 GMT', 'Content-Type': 'application/json; charset=utf-8', 'Transfer-Encoding': 'chunked', 'Connection': 'keep-alive', 'Vary': 'Accept-Encoding, Origin', 'X-Frame-Options': 'SAMEORIGIN', 'X-XSS-Protection': '0', 'X-Content-Type-Options': 'nosniff', 'X-Download-Options': 'noopen', 'X-Permitted-Cross-Domain-Policies': 'none', 'Referrer-Policy': 'strict-origin-when-cross-origin', 'ETag': 'W/"c6dbdfdcceb1212721588f7d9ad8a389"', 'Cache-Control': 'max-age=0, private, must-revalidate', 'X-Request-Id': '5729d528-65d3-4722-8a9b-cb23e34d0fc2', 'X-Runtime': '0.014900', 'Content-Encoding': 'gzip'} 
 body={"meta":{"pagination":{"total":1,"pages":1,"page":1,"limit":20,"links":{"previous":null,"current":"https://gorest.co.in/public/v1/comments?page=1","next":null}}},"data":[{"id":113,"post_id":123,"name":"Chandni Embranthiri","email":"chandni_embranthiri@barrows.com","body":"Qui molestias enim. Non soluta similique."}]} 
 </msg>
<msg timestamp="20220206 12:01:51.924" level="INFO">c:\users\fatemeh\appdata\local\programs\python\python39\lib\site-packages\urllib3\connectionpool.py:1013: InsecureRequestWarning: Unverified HTTPS request is being made to host 'gorest.co.in'. Adding certificate verification is strongly advised. See: https://urllib3.readthedocs.io/en/latest/advanced-usage.html#ssl-warnings
  warnings.warn(</msg>
<msg timestamp="20220206 12:01:51.925" level="INFO">${response} = &lt;Response [200]&gt;</msg>
<status status="PASS" starttime="20220206 12:01:50.467" endtime="20220206 12:01:51.925"/>
</kw>
<kw name="Convert To String" library="BuiltIn">
<var>${data_object}</var>
<arg>${response.json()}[${first_scenario_data_key}]</arg>
<doc>Converts the given item to a Unicode string.</doc>
<msg timestamp="20220206 12:01:51.928" level="INFO">${data_object} = [{'id': 113, 'post_id': 123, 'name': 'Chandni Embranthiri', 'email': 'chandni_embranthiri@barrows.com', 'body': 'Qui molestias enim. Non soluta similique.'}]</msg>
<status status="PASS" starttime="20220206 12:01:51.926" endtime="20220206 12:01:51.928"/>
</kw>
<kw name="Get Value From Json" library="JSONLibrary">
<var>${values}</var>
<arg>${response.json()}</arg>
<arg>${pages_value_path}</arg>
<doc>Get Value From JSON using JSONPath</doc>
<msg timestamp="20220206 12:01:51.999" level="INFO">${values} = [1]</msg>
<status status="PASS" starttime="20220206 12:01:51.928" endtime="20220206 12:01:51.999"/>
</kw>
<kw name="Convert To String" library="BuiltIn">
<var>${pages_string_value}</var>
<arg>${values}</arg>
<doc>Converts the given item to a Unicode string.</doc>
<msg timestamp="20220206 12:01:52.001" level="INFO">${pages_string_value} = [1]</msg>
<status status="PASS" starttime="20220206 12:01:52.001" endtime="20220206 12:01:52.002"/>
</kw>
<kw name="Should Be Equal" library="BuiltIn">
<arg>${data_object}</arg>
<arg>[]</arg>
<doc>Fails if the given objects are unequal.</doc>
<msg timestamp="20220206 12:01:52.004" level="FAIL">[{'id': 113, 'post_id': 123, 'name': 'Chandni Embranthiri', 'email': 'chandni_embranthiri@barrows.com', 'body': 'Qui molestias enim. Non soluta similique.'}] != []</msg>
<status status="FAIL" starttime="20220206 12:01:52.002" endtime="20220206 12:01:52.004"/>
</kw>
<kw name="Should Be Equal" library="BuiltIn">
<arg>${pages_string_value}</arg>
<arg>[1]</arg>
<doc>Fails if the given objects are unequal.</doc>
<status status="NOT RUN" starttime="20220206 12:01:52.004" endtime="20220206 12:01:52.005"/>
</kw>
<tag>API</tag>
<tag>GET</tag>
<status status="FAIL" starttime="20220206 12:01:50.464" endtime="20220206 12:01:52.005">[{'id': 113, 'post_id': 123, 'name': 'Chandni Embranthiri', 'email': 'chandni_embranthiri@barrows.com', 'body': 'Qui molestias enim. Non soluta similique.'}] != []</status>
</test>
<test id="s1-t2" name="Post Info 2">
<kw name="Create Dictionary" library="BuiltIn">
<var>${header}</var>
<arg>Content-Type=application/json</arg>
<arg>Accept=application/json</arg>
<doc>Creates and returns a dictionary based on the given ``items``.</doc>
<msg timestamp="20220206 12:01:52.010" level="INFO">${header} = {'Content-Type': 'application/json', 'Accept': 'application/json'}</msg>
<status status="PASS" starttime="20220206 12:01:52.009" endtime="20220206 12:01:52.010"/>
</kw>
<kw name="Create Session" library="RequestsLibrary">
<arg>second_session</arg>
<arg>${second_scenario_url}</arg>
<arg>verify=true</arg>
<doc>Create Session: create a HTTP session to a server</doc>
<msg timestamp="20220206 12:01:52.011" level="INFO">Creating Session using : alias=second_session, url=https://reqres.in, headers={},                     cookies={}, auth=None, timeout=None, proxies=None, verify=True,                     debug=0 </msg>
<status status="PASS" starttime="20220206 12:01:52.010" endtime="20220206 12:01:52.011"/>
</kw>
<kw name="POST On Session" library="RequestsLibrary">
<var>${response}</var>
<arg>second_session</arg>
<arg>/api/users</arg>
<arg>data= ${body_2}</arg>
<arg>headers=${header}</arg>
<doc>Sends a POST request on a previously created HTTP Session.</doc>
<msg timestamp="20220206 12:01:52.490" level="INFO">POST Request : url=https://reqres.in/api/users 
 path_url=/api/users 
 headers={'User-Agent': 'python-requests/2.25.1', 'Accept-Encoding': 'gzip, deflate', 'Accept': 'application/json', 'Connection': 'keep-alive', 'Content-Type': 'application/json', 'Content-Length': '38'} 
 body= {"name": "mourfeus", "job": "leader"} 
 </msg>
<msg timestamp="20220206 12:01:52.491" level="INFO">POST Response : url=https://reqres.in/api/users 
 status=201, reason=Created 
 headers={'Date': 'Sun, 06 Feb 2022 08:31:53 GMT', 'Content-Type': 'application/json; charset=utf-8', 'Content-Length': '84', 'Connection': 'keep-alive', 'x-powered-by': 'Express', 'access-control-allow-origin': '*', 'etag': 'W/"54-EOdLNNPyVRU14qvNAIqBjxbGMdA"', 'via': '1.1 vegur', 'CF-Cache-Status': 'DYNAMIC', 'Expect-CT': 'max-age=604800, report-uri="https://report-uri.cloudflare.com/cdn-cgi/beacon/expect-ct"', 'Report-To': '{"endpoints":[{"url":"https:\\/\\/a.nel.cloudflare.com\\/report\\/v3?s=3MeYj8qH%2BkV%2BDHEZGfqa6cKsF8GTYOXxeq%2BxFhFlpw54yRC17Cevgpxa6vP7PMpH5wqDanMyLPYm1ptPLytklEfDxyL3Ml7zb0sq5C9dNi%2BzFewDzb9TPBgwvfY%3D"}],"group":"cf-nel","max_age":604800}', 'NEL': '{"success_fraction":0,"report_to":"cf-nel","max_age":604800}', 'Server': 'cloudflare', 'CF-RAY': '6d93065648ef9191-FRA', 'alt-svc': 'h3=":443"; ma=86400, h3-29=":443"; ma=86400'} 
 body={"name":"mourfeus","job":"leader","id":"330","createdAt":"2022-02-06T08:31:53.376Z"} 
 </msg>
<msg timestamp="20220206 12:01:52.491" level="INFO">${response} = &lt;Response [201]&gt;</msg>
<status status="PASS" starttime="20220206 12:01:52.012" endtime="20220206 12:01:52.492"/>
</kw>
<kw name="Convert To String" library="BuiltIn">
<var>${response_string_status}</var>
<arg>${response.status_code}</arg>
<doc>Converts the given item to a Unicode string.</doc>
<msg timestamp="20220206 12:01:52.496" level="INFO">${response_string_status} = 201</msg>
<status status="PASS" starttime="20220206 12:01:52.493" endtime="20220206 12:01:52.496"/>
</kw>
<kw name="Should Be Equal" library="BuiltIn">
<arg>${response_string_status}</arg>
<arg>201</arg>
<doc>Fails if the given objects are unequal.</doc>
<status status="PASS" starttime="20220206 12:01:52.498" endtime="20220206 12:01:52.499"/>
</kw>
<kw name="Convert To String" library="BuiltIn">
<var>${response_string_content}</var>
<arg>${response.content}</arg>
<doc>Converts the given item to a Unicode string.</doc>
<msg timestamp="20220206 12:01:52.504" level="INFO">${response_string_content} = {"name":"mourfeus","job":"leader","id":"330","createdAt":"2022-02-06T08:31:53.376Z"}</msg>
<status status="PASS" starttime="20220206 12:01:52.500" endtime="20220206 12:01:52.505"/>
</kw>
<kw name="Should Contain" library="BuiltIn">
<arg>${response_string_content}</arg>
<arg>mourfeus</arg>
<arg>job</arg>
<doc>Fails if ``container`` does not contain ``item`` one or more times.</doc>
<status status="PASS" starttime="20220206 12:01:52.506" endtime="20220206 12:01:52.507"/>
</kw>
<tag>API</tag>
<tag>GET</tag>
<status status="PASS" starttime="20220206 12:01:52.008" endtime="20220206 12:01:52.508"/>
</test>
<test id="s1-t3" name="Post Info 3">
<kw name="Create Session" library="RequestsLibrary">
<arg>third_session</arg>
<arg>${second_scenario_url}</arg>
<doc>Create Session: create a HTTP session to a server</doc>
<msg timestamp="20220206 12:01:52.518" level="INFO">Creating Session using : alias=third_session, url=https://reqres.in, headers={},                     cookies={}, auth=None, timeout=None, proxies=None, verify=False,                     debug=0 </msg>
<status status="PASS" starttime="20220206 12:01:52.517" endtime="20220206 12:01:52.520"/>
</kw>
<kw name="Create Dictionary" library="BuiltIn">
<var>${header}</var>
<arg>Content-type=application/json</arg>
<arg>Accept=application/json</arg>
<doc>Creates and returns a dictionary based on the given ``items``.</doc>
<msg timestamp="20220206 12:01:52.521" level="INFO">${header} = {'Content-type': 'application/json', 'Accept': 'application/json'}</msg>
<status status="PASS" starttime="20220206 12:01:52.520" endtime="20220206 12:01:52.521"/>
</kw>
<kw name="POST On Session" library="RequestsLibrary">
<var>${response}</var>
<arg>third_session</arg>
<arg>api/register</arg>
<arg>data=${body_3}</arg>
<arg>expected_status=400</arg>
<doc>Sends a POST request on a previously created HTTP Session.</doc>
<msg timestamp="20220206 12:01:52.940" level="INFO">POST Request : url=https://reqres.in/api/register 
 path_url=/api/register 
 headers={'User-Agent': 'python-requests/2.25.1', 'Accept-Encoding': 'gzip, deflate', 'Accept': '*/*', 'Connection': 'keep-alive', 'Content-Length': '24'} 
 body={"email": "sydney@fife"} 
 </msg>
<msg timestamp="20220206 12:01:52.940" level="INFO">POST Response : url=https://reqres.in/api/register 
 status=400, reason=Bad Request 
 headers={'Date': 'Sun, 06 Feb 2022 08:31:53 GMT', 'Content-Type': 'application/json; charset=utf-8', 'Content-Length': '37', 'Connection': 'keep-alive', 'x-powered-by': 'Express', 'access-control-allow-origin': '*', 'etag': 'W/"25-Ik70kof1lbc973ShN5FoVPxYn7A"', 'via': '1.1 vegur', 'CF-Cache-Status': 'DYNAMIC', 'Expect-CT': 'max-age=604800, report-uri="https://report-uri.cloudflare.com/cdn-cgi/beacon/expect-ct"', 'Report-To': '{"endpoints":[{"url":"https:\\/\\/a.nel.cloudflare.com\\/report\\/v3?s=2u5SHr59kX4EQVctQRSFerZbEZUHl%2Ff%2BpplXaGLU1OKV4s2XevNdip2SeIlPVV9wDsQqfoZtjwBpqVEABacHrihuevxVfOLA6e2XSjOFiNDmytMMCjCl7Y95O2w%3D"}],"group":"cf-nel","max_age":604800}', 'NEL': '{"success_fraction":0,"report_to":"cf-nel","max_age":604800}', 'Server': 'cloudflare', 'CF-RAY': '6d930658ebab9124-FRA', 'alt-svc': 'h3=":443"; ma=86400, h3-29=":443"; ma=86400'} 
 body={"error":"Missing email or username"} 
 </msg>
<msg timestamp="20220206 12:01:52.940" level="INFO">c:\users\fatemeh\appdata\local\programs\python\python39\lib\site-packages\urllib3\connectionpool.py:1013: InsecureRequestWarning: Unverified HTTPS request is being made to host 'reqres.in'. Adding certificate verification is strongly advised. See: https://urllib3.readthedocs.io/en/latest/advanced-usage.html#ssl-warnings
  warnings.warn(</msg>
<msg timestamp="20220206 12:01:52.943" level="INFO">${response} = &lt;Response [400]&gt;</msg>
<status status="PASS" starttime="20220206 12:01:52.522" endtime="20220206 12:01:52.943"/>
</kw>
<tag>API</tag>
<tag>GET</tag>
<status status="PASS" starttime="20220206 12:01:52.514" endtime="20220206 12:01:52.945"/>
</test>
<test id="s1-t4" name="Post Info 4">
<kw name="Create Dictionary" library="BuiltIn">
<var>${header}</var>
<arg>Content-Type=application/json</arg>
<arg>Accept=application/json</arg>
<doc>Creates and returns a dictionary based on the given ``items``.</doc>
<msg timestamp="20220206 12:01:52.953" level="INFO">${header} = {'Content-Type': 'application/json', 'Accept': 'application/json'}</msg>
<status status="PASS" starttime="20220206 12:01:52.951" endtime="20220206 12:01:52.953"/>
</kw>
<kw name="Create Session" library="RequestsLibrary">
<arg>second_session</arg>
<arg>${second_scenario_url}</arg>
<arg>verify=true</arg>
<doc>Create Session: create a HTTP session to a server</doc>
<msg timestamp="20220206 12:01:52.956" level="INFO">Creating Session using : alias=second_session, url=https://reqres.in, headers={},                     cookies={}, auth=None, timeout=None, proxies=None, verify=True,                     debug=0 </msg>
<status status="PASS" starttime="20220206 12:01:52.954" endtime="20220206 12:01:52.956"/>
</kw>
<kw name="POST On Session" library="RequestsLibrary">
<var>${response}</var>
<arg>second_session</arg>
<arg>/api/users</arg>
<arg>data= ${body_4}</arg>
<arg>headers=${header}</arg>
<doc>Sends a POST request on a previously created HTTP Session.</doc>
<msg timestamp="20220206 12:01:53.380" level="INFO">POST Request : url=https://reqres.in/api/users 
 path_url=/api/users 
 headers={'User-Agent': 'python-requests/2.25.1', 'Accept-Encoding': 'gzip, deflate', 'Accept': 'application/json', 'Connection': 'keep-alive', 'Content-Type': 'application/json', 'Content-Length': '62'} 
 body= {"name": "david", "job": "leader","email": "david@email.com"} 
 </msg>
<msg timestamp="20220206 12:01:53.380" level="INFO">POST Response : url=https://reqres.in/api/users 
 status=201, reason=Created 
 headers={'Date': 'Sun, 06 Feb 2022 08:31:54 GMT', 'Content-Type': 'application/json; charset=utf-8', 'Content-Length': '107', 'Connection': 'keep-alive', 'x-powered-by': 'Express', 'access-control-allow-origin': '*', 'etag': 'W/"6b-8NM2XTcDpK03Kk+lxK4jJCRsxwo"', 'via': '1.1 vegur', 'CF-Cache-Status': 'DYNAMIC', 'Expect-CT': 'max-age=604800, report-uri="https://report-uri.cloudflare.com/cdn-cgi/beacon/expect-ct"', 'Report-To': '{"endpoints":[{"url":"https:\\/\\/a.nel.cloudflare.com\\/report\\/v3?s=Zwk8ii3KIuxjk2wMACEj2%2BO42SuHj5dhBqO1YNEDtvVq8%2BTlo0ct70SA8kttVg0KZ%2BDTecAQ7Vyqfp0JqYIs8vxtdXIbNv58WZioVd6En2WlLRFiWCyW0Szh9Q4%3D"}],"group":"cf-nel","max_age":604800}', 'NEL': '{"success_fraction":0,"report_to":"cf-nel","max_age":604800}', 'Server': 'cloudflare', 'CF-RAY': '6d93065ba91092b1-FRA', 'alt-svc': 'h3=":443"; ma=86400, h3-29=":443"; ma=86400'} 
 body={"name":"david","job":"leader","email":"david@email.com","id":"593","createdAt":"2022-02-06T08:31:54.268Z"} 
 </msg>
<msg timestamp="20220206 12:01:53.381" level="INFO">${response} = &lt;Response [201]&gt;</msg>
<status status="PASS" starttime="20220206 12:01:52.957" endtime="20220206 12:01:53.381"/>
</kw>
<kw name="Convert To String" library="BuiltIn">
<var>${response_string_status}</var>
<arg>${response.status_code}</arg>
<doc>Converts the given item to a Unicode string.</doc>
<msg timestamp="20220206 12:01:53.386" level="INFO">${response_string_status} = 201</msg>
<status status="PASS" starttime="20220206 12:01:53.382" endtime="20220206 12:01:53.386"/>
</kw>
<kw name="Should Be Equal" library="BuiltIn">
<arg>${response_string_status}</arg>
<arg>201</arg>
<doc>Fails if the given objects are unequal.</doc>
<status status="PASS" starttime="20220206 12:01:53.387" endtime="20220206 12:01:53.389"/>
</kw>
<kw name="Should Be Equal" library="BuiltIn">
<arg>${response.json()}[name]</arg>
<arg>david</arg>
<doc>Fails if the given objects are unequal.</doc>
<status status="PASS" starttime="20220206 12:01:53.390" endtime="20220206 12:01:53.394"/>
</kw>
<kw name="Should Be Equal" library="BuiltIn">
<arg>${response.json()}[email]</arg>
<arg>david@email.com</arg>
<doc>Fails if the given objects are unequal.</doc>
<status status="PASS" starttime="20220206 12:01:53.395" endtime="20220206 12:01:53.399"/>
</kw>
<kw name="Convert To Integer" library="BuiltIn">
<var>${id}</var>
<arg>${response.json()}[id]</arg>
<doc>Converts the given item to an integer number.</doc>
<msg timestamp="20220206 12:01:53.404" level="INFO">${id} = 593</msg>
<status status="PASS" starttime="20220206 12:01:53.400" endtime="20220206 12:01:53.405"/>
</kw>
<kw name="Evaluate" library="BuiltIn">
<var>${between_100_and_1000}</var>
<arg>${100}&lt;${id}&lt;${1000}</arg>
<doc>Evaluates the given expression in Python and returns the result.</doc>
<msg timestamp="20220206 12:01:53.412" level="INFO">${between_100_and_1000} = True</msg>
<status status="PASS" starttime="20220206 12:01:53.406" endtime="20220206 12:01:53.412"/>
</kw>
<kw name="Should Be True" library="BuiltIn">
<arg>${between_100_and_1000}</arg>
<doc>Fails if the given condition is not true.</doc>
<status status="PASS" starttime="20220206 12:01:53.414" endtime="20220206 12:01:53.416"/>
</kw>
<kw name="Convert Time" library="ConvertDate">
<var>${jalali_date}</var>
<arg>${response.json()}[createdAt]</arg>
<msg timestamp="20220206 12:01:53.421" level="INFO">${jalali_date} = 1400-11-17T08:31:54.268Z</msg>
<status status="PASS" starttime="20220206 12:01:53.417" endtime="20220206 12:01:53.421"/>
</kw>
<kw name="Log To Console" library="BuiltIn">
<arg>output: ${jalali_date}</arg>
<doc>Logs the given message to the console.</doc>
<status status="PASS" starttime="20220206 12:01:53.422" endtime="20220206 12:01:53.423"/>
</kw>
<tag>API</tag>
<tag>GET</tag>
<status status="PASS" starttime="20220206 12:01:52.949" endtime="20220206 12:01:53.424"/>
</test>
<doc>few test cases for learning API requests</doc>
<status status="FAIL" starttime="20220206 12:01:49.319" endtime="20220206 12:01:53.427"/>
</suite>
<statistics>
<total>
<stat pass="3" fail="1" skip="0">All Tests</stat>
</total>
<tag>
<stat pass="3" fail="1" skip="0">API</stat>
<stat pass="3" fail="1" skip="0">GET</stat>
</tag>
<suite>
<stat pass="3" fail="1" skip="0" id="s1" name="API">API</stat>
</suite>
</statistics>
<errors>
</errors>
</robot>
