<?xml version="1.0" encoding="UTF-8"?>
<robot generator="Robot 4.1.3 (Python 3.9.1 on win32)" generated="20220201 16:55:26.518" rpa="false" schemaversion="2">
<suite id="s1" name="API" source="C:\Users\Fatemeh\GitRepository\Test\API\TestCases\API.robot">
<test id="s1-t1" name="Get Info 1">
<kw name="Create Session" library="RequestsLibrary">
<arg>first_session</arg>
<arg>${first_scenario_url}</arg>
<doc>Create Session: create a HTTP session to a server</doc>
<msg timestamp="20220201 16:55:27.067" level="INFO">Creating Session using : alias=first_session, url=https://gorest.co.in, headers={},                     cookies={}, auth=None, timeout=None, proxies=None, verify=False,                     debug=0 </msg>
<status status="PASS" starttime="20220201 16:55:27.066" endtime="20220201 16:55:27.068"/>
</kw>
<kw name="GET On Session" library="RequestsLibrary">
<var>${response}</var>
<arg>first_session</arg>
<arg>/public/v1/posts/123/comments</arg>
<doc>Sends a GET request on a previously created HTTP Session.</doc>
<msg timestamp="20220201 16:55:28.364" level="INFO">GET Request : url=https://gorest.co.in/public/v1/posts/123/comments 
 path_url=/public/v1/posts/123/comments 
 headers={'User-Agent': 'python-requests/2.25.1', 'Accept-Encoding': 'gzip, deflate', 'Accept': '*/*', 'Connection': 'keep-alive'} 
 body=None 
 </msg>
<msg timestamp="20220201 16:55:28.365" level="INFO">GET Response : url=https://gorest.co.in/public/v1/posts/123/comments 
 status=200, reason=OK 
 headers={'Server': 'nginx', 'Date': 'Tue, 01 Feb 2022 13:25:28 GMT', 'Content-Type': 'application/json; charset=utf-8', 'Transfer-Encoding': 'chunked', 'Connection': 'keep-alive', 'Vary': 'Accept-Encoding, Origin', 'X-Frame-Options': 'SAMEORIGIN', 'X-XSS-Protection': '0', 'X-Content-Type-Options': 'nosniff', 'X-Download-Options': 'noopen', 'X-Permitted-Cross-Domain-Policies': 'none', 'Referrer-Policy': 'strict-origin-when-cross-origin', 'ETag': 'W/"996e3e39561b73e0aaf72fec3fa2ca2d"', 'Cache-Control': 'max-age=0, private, must-revalidate', 'X-Request-Id': '81fef83a-a83d-4577-9e77-4dbe76659b4a', 'X-Runtime': '0.009255', 'Strict-Transport-Security': 'max-age=63072000; includeSubDomains', 'Content-Encoding': 'gzip'} 
 body={"meta":{"pagination":{"total":0,"pages":0,"page":1,"limit":20,"links":{"previous":null,"current":null,"next":null}}},"data":[]} 
 </msg>
<msg timestamp="20220201 16:55:28.365" level="INFO">c:\users\fatemeh\appdata\local\programs\python\python39\lib\site-packages\urllib3\connectionpool.py:1013: InsecureRequestWarning: Unverified HTTPS request is being made to host 'gorest.co.in'. Adding certificate verification is strongly advised. See: https://urllib3.readthedocs.io/en/latest/advanced-usage.html#ssl-warnings
  warnings.warn(</msg>
<msg timestamp="20220201 16:55:28.368" level="INFO">${response} = &lt;Response [200]&gt;</msg>
<status status="PASS" starttime="20220201 16:55:27.070" endtime="20220201 16:55:28.368"/>
</kw>
<kw name="Convert To String" library="BuiltIn">
<var>${data_object}</var>
<arg>${response.json()}[${first_scenario_data_key}]</arg>
<doc>Converts the given item to a Unicode string.</doc>
<msg timestamp="20220201 16:55:28.374" level="INFO">${data_object} = []</msg>
<status status="PASS" starttime="20220201 16:55:28.369" endtime="20220201 16:55:28.374"/>
</kw>
<kw name="Get Value From Json" library="JSONLibrary">
<var>${values}</var>
<arg>${response.json()}</arg>
<arg>${pages_value_path}</arg>
<doc>Get Value From JSON using JSONPath</doc>
<msg timestamp="20220201 16:55:28.449" level="INFO">${values} = [1]</msg>
<status status="PASS" starttime="20220201 16:55:28.375" endtime="20220201 16:55:28.449"/>
</kw>
<kw name="Convert To String" library="BuiltIn">
<var>${pages_string_value}</var>
<arg>${values}</arg>
<doc>Converts the given item to a Unicode string.</doc>
<msg timestamp="20220201 16:55:28.451" level="INFO">${pages_string_value} = [1]</msg>
<status status="PASS" starttime="20220201 16:55:28.450" endtime="20220201 16:55:28.451"/>
</kw>
<kw name="Should Be Equal" library="BuiltIn">
<arg>${data_object}</arg>
<arg>[]</arg>
<doc>Fails if the given objects are unequal.</doc>
<status status="PASS" starttime="20220201 16:55:28.452" endtime="20220201 16:55:28.453"/>
</kw>
<kw name="Should Be Equal" library="BuiltIn">
<arg>${pages_string_value}</arg>
<arg>[1]</arg>
<doc>Fails if the given objects are unequal.</doc>
<status status="PASS" starttime="20220201 16:55:28.453" endtime="20220201 16:55:28.454"/>
</kw>
<tag>API</tag>
<tag>GET</tag>
<status status="PASS" starttime="20220201 16:55:27.062" endtime="20220201 16:55:28.454"/>
</test>
<test id="s1-t2" name="Post Info 2">
<kw name="Create Dictionary" library="BuiltIn">
<var>${header}</var>
<arg>Content-Type=application/json</arg>
<arg>Accept=application/json</arg>
<doc>Creates and returns a dictionary based on the given ``items``.</doc>
<msg timestamp="20220201 16:55:28.459" level="INFO">${header} = {'Content-Type': 'application/json', 'Accept': 'application/json'}</msg>
<status status="PASS" starttime="20220201 16:55:28.458" endtime="20220201 16:55:28.459"/>
</kw>
<kw name="Create Session" library="RequestsLibrary">
<arg>second_session</arg>
<arg>${second_scenario_url}</arg>
<arg>verify=true</arg>
<doc>Create Session: create a HTTP session to a server</doc>
<msg timestamp="20220201 16:55:28.461" level="INFO">Creating Session using : alias=second_session, url=https://reqres.in, headers={},                     cookies={}, auth=None, timeout=None, proxies=None, verify=True,                     debug=0 </msg>
<status status="PASS" starttime="20220201 16:55:28.460" endtime="20220201 16:55:28.461"/>
</kw>
<kw name="POST On Session" library="RequestsLibrary">
<var>${response}</var>
<arg>second_session</arg>
<arg>/api/users</arg>
<arg>data= ${body_2}</arg>
<arg>headers=${header}</arg>
<doc>Sends a POST request on a previously created HTTP Session.</doc>
<msg timestamp="20220201 16:55:28.856" level="INFO">POST Request : url=https://reqres.in/api/users 
 path_url=/api/users 
 headers={'User-Agent': 'python-requests/2.25.1', 'Accept-Encoding': 'gzip, deflate', 'Accept': 'application/json', 'Connection': 'keep-alive', 'Content-Type': 'application/json', 'Content-Length': '38'} 
 body= {"name": "mourfeus", "job": "leader"} 
 </msg>
<msg timestamp="20220201 16:55:28.856" level="INFO">POST Response : url=https://reqres.in/api/users 
 status=201, reason=Created 
 headers={'Date': 'Tue, 01 Feb 2022 13:25:28 GMT', 'Content-Type': 'application/json; charset=utf-8', 'Content-Length': '83', 'Connection': 'keep-alive', 'x-powered-by': 'Express', 'access-control-allow-origin': '*', 'etag': 'W/"53-jCCumROpFg6uq0AQs2wb4X9DcQc"', 'via': '1.1 vegur', 'CF-Cache-Status': 'DYNAMIC', 'Expect-CT': 'max-age=604800, report-uri="https://report-uri.cloudflare.com/cdn-cgi/beacon/expect-ct"', 'Report-To': '{"endpoints":[{"url":"https:\\/\\/a.nel.cloudflare.com\\/report\\/v3?s=mrP4cfJLEUMnzzXzx41z4vi0YnoYCScLd0Ih5oNOdN5%2FxEok6yzAkS2LEnLquRlrnuinSL1Zi6SZ3oxbmJ%2B63f%2F6VAEUV3%2FJRKfDiH%2FXECu%2FymFt3MuLPc1EZEg%3D"}],"group":"cf-nel","max_age":604800}', 'NEL': '{"success_fraction":0,"report_to":"cf-nel","max_age":604800}', 'Server': 'cloudflare', 'CF-RAY': '6d6b81863fff74a5-LHR', 'alt-svc': 'h3=":443"; ma=86400, h3-29=":443"; ma=86400'} 
 body={"name":"mourfeus","job":"leader","id":"66","createdAt":"2022-02-01T13:25:28.704Z"} 
 </msg>
<msg timestamp="20220201 16:55:28.857" level="INFO">${response} = &lt;Response [201]&gt;</msg>
<status status="PASS" starttime="20220201 16:55:28.462" endtime="20220201 16:55:28.857"/>
</kw>
<kw name="Convert To String" library="BuiltIn">
<var>${response_string_status}</var>
<arg>${response.status_code}</arg>
<doc>Converts the given item to a Unicode string.</doc>
<msg timestamp="20220201 16:55:28.861" level="INFO">${response_string_status} = 201</msg>
<status status="PASS" starttime="20220201 16:55:28.859" endtime="20220201 16:55:28.862"/>
</kw>
<kw name="Should Be Equal" library="BuiltIn">
<arg>${response_string_status}</arg>
<arg>201</arg>
<doc>Fails if the given objects are unequal.</doc>
<status status="PASS" starttime="20220201 16:55:28.863" endtime="20220201 16:55:28.864"/>
</kw>
<kw name="Convert To String" library="BuiltIn">
<var>${response_string_content}</var>
<arg>${response.content}</arg>
<doc>Converts the given item to a Unicode string.</doc>
<msg timestamp="20220201 16:55:28.870" level="INFO">${response_string_content} = {"name":"mourfeus","job":"leader","id":"66","createdAt":"2022-02-01T13:25:28.704Z"}</msg>
<status status="PASS" starttime="20220201 16:55:28.865" endtime="20220201 16:55:28.870"/>
</kw>
<kw name="Should Contain" library="BuiltIn">
<arg>${response_string_content}</arg>
<arg>mourfeus</arg>
<arg>job</arg>
<doc>Fails if ``container`` does not contain ``item`` one or more times.</doc>
<status status="PASS" starttime="20220201 16:55:28.871" endtime="20220201 16:55:28.872"/>
</kw>
<tag>API</tag>
<tag>GET</tag>
<status status="PASS" starttime="20220201 16:55:28.457" endtime="20220201 16:55:28.873"/>
</test>
<test id="s1-t3" name="Post Info 3">
<kw name="Create Session" library="RequestsLibrary">
<arg>third_session</arg>
<arg>${second_scenario_url}</arg>
<doc>Create Session: create a HTTP session to a server</doc>
<msg timestamp="20220201 16:55:28.880" level="INFO">Creating Session using : alias=third_session, url=https://reqres.in, headers={},                     cookies={}, auth=None, timeout=None, proxies=None, verify=False,                     debug=0 </msg>
<status status="PASS" starttime="20220201 16:55:28.879" endtime="20220201 16:55:28.882"/>
</kw>
<kw name="Create Dictionary" library="BuiltIn">
<var>${header}</var>
<arg>Content-type=application/json</arg>
<arg>Accept=application/json</arg>
<doc>Creates and returns a dictionary based on the given ``items``.</doc>
<msg timestamp="20220201 16:55:28.884" level="INFO">${header} = {'Content-type': 'application/json', 'Accept': 'application/json'}</msg>
<status status="PASS" starttime="20220201 16:55:28.883" endtime="20220201 16:55:28.884"/>
</kw>
<kw name="POST On Session" library="RequestsLibrary">
<var>${response}</var>
<arg>third_session</arg>
<arg>api/register</arg>
<arg>data=${body_3}</arg>
<arg>expected_status=400</arg>
<doc>Sends a POST request on a previously created HTTP Session.</doc>
<msg timestamp="20220201 16:55:29.290" level="INFO">POST Request : url=https://reqres.in/api/register 
 path_url=/api/register 
 headers={'User-Agent': 'python-requests/2.25.1', 'Accept-Encoding': 'gzip, deflate', 'Accept': '*/*', 'Connection': 'keep-alive', 'Content-Length': '24'} 
 body={"email": "sydney@fife"} 
 </msg>
<msg timestamp="20220201 16:55:29.290" level="INFO">POST Response : url=https://reqres.in/api/register 
 status=400, reason=Bad Request 
 headers={'Date': 'Tue, 01 Feb 2022 13:25:29 GMT', 'Content-Type': 'application/json; charset=utf-8', 'Content-Length': '37', 'Connection': 'keep-alive', 'x-powered-by': 'Express', 'access-control-allow-origin': '*', 'etag': 'W/"25-Ik70kof1lbc973ShN5FoVPxYn7A"', 'via': '1.1 vegur', 'CF-Cache-Status': 'DYNAMIC', 'Expect-CT': 'max-age=604800, report-uri="https://report-uri.cloudflare.com/cdn-cgi/beacon/expect-ct"', 'Report-To': '{"endpoints":[{"url":"https:\\/\\/a.nel.cloudflare.com\\/report\\/v3?s=vmx3Q8AYibD2jkAVraPfAwDIAxVMhqAjjieppTrj3olScJarqXDcgALrLwxjKboOinM9AajX1DY5tgABzV7wLtZ3G9OfAN7FCw0XUwlrmx4yLH67E90IpZnSxss%3D"}],"group":"cf-nel","max_age":604800}', 'NEL': '{"success_fraction":0,"report_to":"cf-nel","max_age":604800}', 'Server': 'cloudflare', 'CF-RAY': '6d6b8188eaba71ce-LHR', 'alt-svc': 'h3=":443"; ma=86400, h3-29=":443"; ma=86400'} 
 body={"error":"Missing email or username"} 
 </msg>
<msg timestamp="20220201 16:55:29.291" level="INFO">c:\users\fatemeh\appdata\local\programs\python\python39\lib\site-packages\urllib3\connectionpool.py:1013: InsecureRequestWarning: Unverified HTTPS request is being made to host 'reqres.in'. Adding certificate verification is strongly advised. See: https://urllib3.readthedocs.io/en/latest/advanced-usage.html#ssl-warnings
  warnings.warn(</msg>
<msg timestamp="20220201 16:55:29.293" level="INFO">${response} = &lt;Response [400]&gt;</msg>
<status status="PASS" starttime="20220201 16:55:28.886" endtime="20220201 16:55:29.294"/>
</kw>
<tag>API</tag>
<tag>GET</tag>
<status status="PASS" starttime="20220201 16:55:28.877" endtime="20220201 16:55:29.295"/>
</test>
<test id="s1-t4" name="Post Info 4">
<kw name="Create Dictionary" library="BuiltIn">
<var>${header}</var>
<arg>Content-Type=application/json</arg>
<arg>Accept=application/json</arg>
<doc>Creates and returns a dictionary based on the given ``items``.</doc>
<msg timestamp="20220201 16:55:29.301" level="INFO">${header} = {'Content-Type': 'application/json', 'Accept': 'application/json'}</msg>
<status status="PASS" starttime="20220201 16:55:29.300" endtime="20220201 16:55:29.301"/>
</kw>
<kw name="Create Session" library="RequestsLibrary">
<arg>second_session</arg>
<arg>${second_scenario_url}</arg>
<arg>verify=true</arg>
<doc>Create Session: create a HTTP session to a server</doc>
<msg timestamp="20220201 16:55:29.303" level="INFO">Creating Session using : alias=second_session, url=https://reqres.in, headers={},                     cookies={}, auth=None, timeout=None, proxies=None, verify=True,                     debug=0 </msg>
<status status="PASS" starttime="20220201 16:55:29.302" endtime="20220201 16:55:29.304"/>
</kw>
<kw name="POST On Session" library="RequestsLibrary">
<var>${response}</var>
<arg>second_session</arg>
<arg>/api/users</arg>
<arg>data= ${body_4}</arg>
<arg>headers=${header}</arg>
<doc>Sends a POST request on a previously created HTTP Session.</doc>
<msg timestamp="20220201 16:55:29.778" level="INFO">POST Request : url=https://reqres.in/api/users 
 path_url=/api/users 
 headers={'User-Agent': 'python-requests/2.25.1', 'Accept-Encoding': 'gzip, deflate', 'Accept': 'application/json', 'Connection': 'keep-alive', 'Content-Type': 'application/json', 'Content-Length': '62'} 
 body= {"name": "david", "job": "leader","email": "david@email.com"} 
 </msg>
<msg timestamp="20220201 16:55:29.779" level="INFO">POST Response : url=https://reqres.in/api/users 
 status=201, reason=Created 
 headers={'Date': 'Tue, 01 Feb 2022 13:25:29 GMT', 'Content-Type': 'application/json; charset=utf-8', 'Content-Length': '107', 'Connection': 'keep-alive', 'x-powered-by': 'Express', 'access-control-allow-origin': '*', 'etag': 'W/"6b-KBJoe55/8cAcFthsTpU4wagLhxA"', 'via': '1.1 vegur', 'CF-Cache-Status': 'DYNAMIC', 'Expect-CT': 'max-age=604800, report-uri="https://report-uri.cloudflare.com/cdn-cgi/beacon/expect-ct"', 'Report-To': '{"endpoints":[{"url":"https:\\/\\/a.nel.cloudflare.com\\/report\\/v3?s=tlc%2Bk%2FYW8YynU%2BH4UI6ObwaUoSRytLIUgs0bZy%2F4ED1i71w%2BBmzCuRXQv%2BdO9MNbTm2PLFqgxr0U8Pjo7Xe3gMc0i2niQ0lnH8RfMO8FEAl64HdvROXb%2FixwhNg%3D"}],"group":"cf-nel","max_age":604800}', 'NEL': '{"success_fraction":0,"report_to":"cf-nel","max_age":604800}', 'Server': 'cloudflare', 'CF-RAY': '6d6b818b6be378b1-VIE', 'alt-svc': 'h3=":443"; ma=86400, h3-29=":443"; ma=86400'} 
 body={"name":"david","job":"leader","email":"david@email.com","id":"743","createdAt":"2022-02-01T13:25:29.615Z"} 
 </msg>
<msg timestamp="20220201 16:55:29.779" level="INFO">${response} = &lt;Response [201]&gt;</msg>
<status status="PASS" starttime="20220201 16:55:29.306" endtime="20220201 16:55:29.779"/>
</kw>
<kw name="Convert To String" library="BuiltIn">
<var>${response_string_status}</var>
<arg>${response.status_code}</arg>
<doc>Converts the given item to a Unicode string.</doc>
<msg timestamp="20220201 16:55:29.784" level="INFO">${response_string_status} = 201</msg>
<status status="PASS" starttime="20220201 16:55:29.781" endtime="20220201 16:55:29.784"/>
</kw>
<kw name="Should Be Equal" library="BuiltIn">
<arg>${response_string_status}</arg>
<arg>201</arg>
<doc>Fails if the given objects are unequal.</doc>
<status status="PASS" starttime="20220201 16:55:29.785" endtime="20220201 16:55:29.786"/>
</kw>
<kw name="Should Be Equal" library="BuiltIn">
<arg>${response.json()}[name]</arg>
<arg>david</arg>
<doc>Fails if the given objects are unequal.</doc>
<status status="PASS" starttime="20220201 16:55:29.787" endtime="20220201 16:55:29.791"/>
</kw>
<kw name="Should Be Equal" library="BuiltIn">
<arg>${response.json()}[email]</arg>
<arg>david@email.com</arg>
<doc>Fails if the given objects are unequal.</doc>
<status status="PASS" starttime="20220201 16:55:29.793" endtime="20220201 16:55:29.797"/>
</kw>
<kw name="Convert To Integer" library="BuiltIn">
<var>${id}</var>
<arg>${response.json()}[id]</arg>
<doc>Converts the given item to an integer number.</doc>
<msg timestamp="20220201 16:55:29.801" level="INFO">${id} = 743</msg>
<status status="PASS" starttime="20220201 16:55:29.798" endtime="20220201 16:55:29.801"/>
</kw>
<kw name="Evaluate" library="BuiltIn">
<var>${between_100_and_1000}</var>
<arg>${100}&lt;${id}&lt;${1000}</arg>
<doc>Evaluates the given expression in Python and returns the result.</doc>
<msg timestamp="20220201 16:55:29.809" level="INFO">${between_100_and_1000} = True</msg>
<status status="PASS" starttime="20220201 16:55:29.803" endtime="20220201 16:55:29.809"/>
</kw>
<kw name="Should Be True" library="BuiltIn">
<arg>${between_100_and_1000}</arg>
<doc>Fails if the given condition is not true.</doc>
<status status="PASS" starttime="20220201 16:55:29.810" endtime="20220201 16:55:29.811"/>
</kw>
<kw name="Convert Time" library="ConvertDate">
<var>${jalali_date}</var>
<arg>${response.json()}[createdAt]</arg>
<msg timestamp="20220201 16:55:29.814" level="INFO">${jalali_date} = 1400-11-12T13:25:29.615Z</msg>
<status status="PASS" starttime="20220201 16:55:29.812" endtime="20220201 16:55:29.814"/>
</kw>
<tag>API</tag>
<tag>GET</tag>
<status status="PASS" starttime="20220201 16:55:29.298" endtime="20220201 16:55:29.815"/>
</test>
<doc>few test cases for learning API requests</doc>
<status status="PASS" starttime="20220201 16:55:26.521" endtime="20220201 16:55:29.819"/>
</suite>
<statistics>
<total>
<stat pass="4" fail="0" skip="0">All Tests</stat>
</total>
<tag>
<stat pass="4" fail="0" skip="0">API</stat>
<stat pass="4" fail="0" skip="0">GET</stat>
</tag>
<suite>
<stat pass="4" fail="0" skip="0" id="s1" name="API">API</stat>
</suite>
</statistics>
<errors>
</errors>
</robot>
