<?xml version="1.0" encoding="UTF-8"?>
<robot generator="Robot 4.1.3 (Python 3.9.1 on win32)" generated="20220127 12:05:54.196" rpa="false" schemaversion="2">
<suite id="s1" name="Get" source="C:\Users\Fatemeh\GitRepository\Test\API\TestCases\Get.robot">
<test id="s1-t1" name="Get Info">
<kw name="Create Session" library="RequestsLibrary">
<arg>first_session</arg>
<arg>${base_url}</arg>
<doc>Create Session: create a HTTP session to a server</doc>
<msg timestamp="20220127 12:05:54.440" level="INFO">Creating Session using : alias=first_session, url=https://gorest.co.in, headers={},                     cookies={}, auth=None, timeout=None, proxies=None, verify=False,                     debug=0 </msg>
<status status="PASS" starttime="20220127 12:05:54.440" endtime="20220127 12:05:54.441"/>
</kw>
<kw name="GET On Session" library="RequestsLibrary">
<var>${response}</var>
<arg>first_session</arg>
<arg>/public/v1/posts/123/comments</arg>
<doc>Sends a GET request on a previously created HTTP Session.</doc>
<msg timestamp="20220127 12:05:56.258" level="INFO">GET Request : url=https://gorest.co.in/public/v1/posts/123/comments 
 path_url=/public/v1/posts/123/comments 
 headers={'User-Agent': 'python-requests/2.25.1', 'Accept-Encoding': 'gzip, deflate', 'Accept': '*/*', 'Connection': 'keep-alive'} 
 body=None 
 </msg>
<msg timestamp="20220127 12:05:56.259" level="INFO">GET Response : url=https://gorest.co.in/public/v1/posts/123/comments 
 status=200, reason=OK 
 headers={'Server': 'nginx', 'Date': 'Thu, 27 Jan 2022 08:35:55 GMT', 'Content-Type': 'application/json; charset=utf-8', 'Transfer-Encoding': 'chunked', 'Connection': 'keep-alive', 'Vary': 'Accept-Encoding, Origin', 'X-Frame-Options': 'SAMEORIGIN', 'X-XSS-Protection': '0', 'X-Content-Type-Options': 'nosniff', 'X-Download-Options': 'noopen', 'X-Permitted-Cross-Domain-Policies': 'none', 'Referrer-Policy': 'strict-origin-when-cross-origin', 'ETag': 'W/"996e3e39561b73e0aaf72fec3fa2ca2d"', 'Cache-Control': 'max-age=0, private, must-revalidate', 'X-Request-Id': 'af70dbe2-85f5-4908-9920-eb367a329207', 'X-Runtime': '0.011837', 'Strict-Transport-Security': 'max-age=63072000; includeSubDomains', 'Content-Encoding': 'gzip'} 
 body={"meta":{"pagination":{"total":0,"pages":0,"page":1,"limit":20,"links":{"previous":null,"current":null,"next":null}}},"data":[]} 
 </msg>
<msg timestamp="20220127 12:05:56.259" level="INFO">c:\users\fatemeh\appdata\local\programs\python\python39\lib\site-packages\urllib3\connectionpool.py:1013: InsecureRequestWarning: Unverified HTTPS request is being made to host 'gorest.co.in'. Adding certificate verification is strongly advised. See: https://urllib3.readthedocs.io/en/latest/advanced-usage.html#ssl-warnings
  warnings.warn(</msg>
<msg timestamp="20220127 12:05:56.262" level="INFO">${response} = &lt;Response [200]&gt;</msg>
<status status="PASS" starttime="20220127 12:05:54.442" endtime="20220127 12:05:56.262"/>
</kw>
<kw name="Convert To String" library="BuiltIn">
<var>${stringg_response}</var>
<arg>${response.content}</arg>
<doc>Converts the given item to a Unicode string.</doc>
<msg timestamp="20220127 12:05:56.266" level="INFO">${stringg_response} = {"meta":{"pagination":{"total":0,"pages":0,"page":1,"limit":20,"links":{"previous":null,"current":null,"next":null}}},"data":[]}</msg>
<status status="PASS" starttime="20220127 12:05:56.263" endtime="20220127 12:05:56.266"/>
</kw>
<kw name="To Json" library="RequestsLibrary">
<var>${json_object}</var>
<arg>${stringg_response}</arg>
<doc>*DEPRECATED* Please use ${resp.json()} instead. Have a look at the improved HTML output as pretty printing replacement.</doc>
<msg timestamp="20220127 12:05:56.268" level="WARN">Keyword 'RequestsLibrary.To Json' is deprecated. Please use ${resp.json()} instead. Have a look at the improved HTML output as pretty printing replacement.</msg>
<msg timestamp="20220127 12:05:56.272" level="INFO">To JSON using : content={"meta":{"pagination":{"total":0,"pages":0,"page":1,"limit":20,"links":{"previous":null,"current":null,"next":null}}},"data":[]} </msg>
<msg timestamp="20220127 12:05:56.272" level="INFO">To JSON using : pretty_print=False </msg>
<msg timestamp="20220127 12:05:56.273" level="INFO">${json_object} = {'meta': {'pagination': {'total': 0, 'pages': 0, 'page': 1, 'limit': 20, 'links': {'previous': None, 'current': None, 'next': None}}}, 'data': []}</msg>
<status status="PASS" starttime="20220127 12:05:56.267" endtime="20220127 12:05:56.273"/>
</kw>
<kw name="To Json" library="RequestsLibrary">
<var>${json_object}</var>
<arg>${stringg_response}</arg>
<doc>*DEPRECATED* Please use ${resp.json()} instead. Have a look at the improved HTML output as pretty printing replacement.</doc>
<msg timestamp="20220127 12:05:56.275" level="WARN">Keyword 'RequestsLibrary.To Json' is deprecated. Please use ${resp.json()} instead. Have a look at the improved HTML output as pretty printing replacement.</msg>
<msg timestamp="20220127 12:05:56.278" level="INFO">To JSON using : content={"meta":{"pagination":{"total":0,"pages":0,"page":1,"limit":20,"links":{"previous":null,"current":null,"next":null}}},"data":[]} </msg>
<msg timestamp="20220127 12:05:56.278" level="INFO">To JSON using : pretty_print=False </msg>
<msg timestamp="20220127 12:05:56.279" level="INFO">${json_object} = {'meta': {'pagination': {'total': 0, 'pages': 0, 'page': 1, 'limit': 20, 'links': {'previous': None, 'current': None, 'next': None}}}, 'data': []}</msg>
<status status="PASS" starttime="20220127 12:05:56.274" endtime="20220127 12:05:56.279"/>
</kw>
<kw name="Convert To String" library="BuiltIn">
<var>${data_object}</var>
<arg>${json_object}[data]</arg>
<doc>Converts the given item to a Unicode string.</doc>
<msg timestamp="20220127 12:05:56.282" level="INFO">${data_object} = []</msg>
<status status="PASS" starttime="20220127 12:05:56.280" endtime="20220127 12:05:56.282"/>
</kw>
<kw name="Should Be Equal" library="BuiltIn">
<arg>${data_object}</arg>
<arg>[]</arg>
<doc>Fails if the given objects are unequal.</doc>
<status status="PASS" starttime="20220127 12:05:56.283" endtime="20220127 12:05:56.285"/>
</kw>
<kw name="Log To Console" library="BuiltIn">
<arg>${json_object}</arg>
<doc>Logs the given message to the console.</doc>
<status status="PASS" starttime="20220127 12:05:56.286" endtime="20220127 12:05:56.289"/>
</kw>
<tag>API</tag>
<status status="PASS" starttime="20220127 12:05:54.439" endtime="20220127 12:05:56.291"/>
</test>
<doc>a test case for learning GET</doc>
<status status="PASS" starttime="20220127 12:05:54.200" endtime="20220127 12:05:56.296"/>
</suite>
<statistics>
<total>
<stat pass="1" fail="0" skip="0">All Tests</stat>
</total>
<tag>
<stat pass="1" fail="0" skip="0">API</stat>
</tag>
<suite>
<stat pass="1" fail="0" skip="0" id="s1" name="Get">Get</stat>
</suite>
</statistics>
<errors>
<msg timestamp="20220127 12:05:56.268" level="WARN">Keyword 'RequestsLibrary.To Json' is deprecated. Please use ${resp.json()} instead. Have a look at the improved HTML output as pretty printing replacement.</msg>
<msg timestamp="20220127 12:05:56.275" level="WARN">Keyword 'RequestsLibrary.To Json' is deprecated. Please use ${resp.json()} instead. Have a look at the improved HTML output as pretty printing replacement.</msg>
</errors>
</robot>
