<?xml version="1.0" encoding="UTF-8"?>
<robot generator="Robot 4.1.3 (Python 3.9.1 on win32)" generated="20220204 08:13:27.466" rpa="false" schemaversion="2">
<suite id="s1" name="API" source="C:\Users\Fatemeh\GitRepository\Test\API\TestCases\API.robot">
<test id="s1-t1" name="Get Info 1">
<kw name="Create Session" library="RequestsLibrary">
<arg>first_session</arg>
<arg>${first_scenario_url}</arg>
<doc>Create Session: create a HTTP session to a server</doc>
<msg timestamp="20220204 08:13:27.903" level="INFO">Creating Session using : alias=first_session, url=https://gorest.co.in, headers={},                     cookies={}, auth=None, timeout=None, proxies=None, verify=False,                     debug=0 </msg>
<status status="PASS" starttime="20220204 08:13:27.902" endtime="20220204 08:13:27.903"/>
</kw>
<kw name="GET On Session" library="RequestsLibrary">
<var>${response}</var>
<arg>first_session</arg>
<arg>/public/v1/posts/123/comments</arg>
<doc>Sends a GET request on a previously created HTTP Session.</doc>
<msg timestamp="20220204 08:13:29.114" level="INFO">GET Request : url=https://gorest.co.in/public/v1/posts/123/comments 
 path_url=/public/v1/posts/123/comments 
 headers={'User-Agent': 'python-requests/2.25.1', 'Accept-Encoding': 'gzip, deflate', 'Accept': '*/*', 'Connection': 'keep-alive'} 
 body=None 
 </msg>
<msg timestamp="20220204 08:13:29.115" level="INFO">GET Response : url=https://gorest.co.in/public/v1/posts/123/comments 
 status=200, reason=OK 
 headers={'Server': 'nginx', 'Date': 'Fri, 04 Feb 2022 08:13:30 GMT', 'Content-Type': 'application/json; charset=utf-8', 'Transfer-Encoding': 'chunked', 'Connection': 'keep-alive', 'Vary': 'Accept-Encoding, Origin', 'X-Frame-Options': 'SAMEORIGIN', 'X-XSS-Protection': '0', 'X-Content-Type-Options': 'nosniff', 'X-Download-Options': 'noopen', 'X-Permitted-Cross-Domain-Policies': 'none', 'Referrer-Policy': 'strict-origin-when-cross-origin', 'ETag': 'W/"a8dd9ea23a5f35845cab5746badb5ed6"', 'Cache-Control': 'max-age=0, private, must-revalidate', 'X-Request-Id': 'a6fc91bb-f511-4b2a-82fb-259b35ceb917', 'X-Runtime': '0.038333', 'Content-Encoding': 'gzip'} 
 body={"meta":{"pagination":{"total":1,"pages":1,"page":1,"limit":20,"links":{"previous":null,"current":"https://gorest.co.in/public/v1/comments?page=1","next":null}}},"data":[{"id":124,"post_id":123,"name":"Opalina Sethi","email":"sethi_opalina@cremin.co","body":"Ea modi dolorum. Quae aliquam eveniet. Officia dolor perspiciatis. Harum corrupti autem."}]} 
 </msg>
<msg timestamp="20220204 08:13:29.115" level="INFO">c:\users\fatemeh\appdata\local\programs\python\python39\lib\site-packages\urllib3\connectionpool.py:1013: InsecureRequestWarning: Unverified HTTPS request is being made to host 'gorest.co.in'. Adding certificate verification is strongly advised. See: https://urllib3.readthedocs.io/en/latest/advanced-usage.html#ssl-warnings
  warnings.warn(</msg>
<msg timestamp="20220204 08:13:29.118" level="INFO">${response} = &lt;Response [200]&gt;</msg>
<status status="PASS" starttime="20220204 08:13:27.903" endtime="20220204 08:13:29.118"/>
</kw>
<kw name="Convert To String" library="BuiltIn">
<var>${data_object}</var>
<arg>${response.json()}[${first_scenario_data_key}]</arg>
<doc>Converts the given item to a Unicode string.</doc>
<msg timestamp="20220204 08:13:29.123" level="INFO">${data_object} = [{'id': 124, 'post_id': 123, 'name': 'Opalina Sethi', 'email': 'sethi_opalina@cremin.co', 'body': 'Ea modi dolorum. Quae aliquam eveniet. Officia dolor perspiciatis. Harum corrupti autem.'}]</msg>
<status status="PASS" starttime="20220204 08:13:29.119" endtime="20220204 08:13:29.124"/>
</kw>
<kw name="Get Value From Json" library="JSONLibrary">
<var>${values}</var>
<arg>${response.json()}</arg>
<arg>${pages_value_path}</arg>
<doc>Get Value From JSON using JSONPath</doc>
<msg timestamp="20220204 08:13:29.180" level="INFO">${values} = [1]</msg>
<status status="PASS" starttime="20220204 08:13:29.124" endtime="20220204 08:13:29.180"/>
</kw>
<kw name="Convert To String" library="BuiltIn">
<var>${pages_string_value}</var>
<arg>${values}</arg>
<doc>Converts the given item to a Unicode string.</doc>
<msg timestamp="20220204 08:13:29.182" level="INFO">${pages_string_value} = [1]</msg>
<status status="PASS" starttime="20220204 08:13:29.181" endtime="20220204 08:13:29.182"/>
</kw>
<kw name="Should Be Equal" library="BuiltIn">
<arg>${data_object}</arg>
<arg>[]</arg>
<doc>Fails if the given objects are unequal.</doc>
<msg timestamp="20220204 08:13:29.185" level="FAIL">[{'id': 124, 'post_id': 123, 'name': 'Opalina Sethi', 'email': 'sethi_opalina@cremin.co', 'body': 'Ea modi dolorum. Quae aliquam eveniet. Officia dolor perspiciatis. Harum corrupti autem.'}] != []</msg>
<status status="FAIL" starttime="20220204 08:13:29.183" endtime="20220204 08:13:29.185"/>
</kw>
<kw name="Should Be Equal" library="BuiltIn">
<arg>${pages_string_value}</arg>
<arg>[1]</arg>
<doc>Fails if the given objects are unequal.</doc>
<status status="NOT RUN" starttime="20220204 08:13:29.187" endtime="20220204 08:13:29.187"/>
</kw>
<tag>API</tag>
<tag>GET</tag>
<status status="FAIL" starttime="20220204 08:13:27.901" endtime="20220204 08:13:29.188">[{'id': 124, 'post_id': 123, 'name': 'Opalina Sethi', 'email': 'sethi_opalina@cremin.co', 'body': 'Ea modi dolorum. Quae aliquam eveniet. Officia dolor perspiciatis. Harum corrupti autem.'}] != []</status>
</test>
<test id="s1-t2" name="Post Info 2">
<kw name="Create Dictionary" library="BuiltIn">
<var>${header}</var>
<arg>Content-Type=application/json</arg>
<arg>Accept=application/json</arg>
<doc>Creates and returns a dictionary based on the given ``items``.</doc>
<msg timestamp="20220204 08:13:29.195" level="INFO">${header} = {'Content-Type': 'application/json', 'Accept': 'application/json'}</msg>
<status status="PASS" starttime="20220204 08:13:29.194" endtime="20220204 08:13:29.195"/>
</kw>
<kw name="Create Session" library="RequestsLibrary">
<arg>second_session</arg>
<arg>${second_scenario_url}</arg>
<arg>verify=true</arg>
<doc>Create Session: create a HTTP session to a server</doc>
<msg timestamp="20220204 08:13:29.195" level="INFO">Creating Session using : alias=second_session, url=https://reqres.in, headers={},                     cookies={}, auth=None, timeout=None, proxies=None, verify=True,                     debug=0 </msg>
<status status="PASS" starttime="20220204 08:13:29.195" endtime="20220204 08:13:29.196"/>
</kw>
<kw name="POST On Session" library="RequestsLibrary">
<var>${response}</var>
<arg>second_session</arg>
<arg>/api/users</arg>
<arg>data= ${body_2}</arg>
<arg>headers=${header}</arg>
<doc>Sends a POST request on a previously created HTTP Session.</doc>
<msg timestamp="20220204 08:13:30.002" level="INFO">POST Request : url=https://reqres.in/api/users 
 path_url=/api/users 
 headers={'User-Agent': 'python-requests/2.25.1', 'Accept-Encoding': 'gzip, deflate', 'Accept': 'application/json', 'Connection': 'keep-alive', 'Content-Type': 'application/json', 'Content-Length': '38'} 
 body= {"name": "mourfeus", "job": "leader"} 
 </msg>
<msg timestamp="20220204 08:13:30.002" level="INFO">POST Response : url=https://reqres.in/api/users 
 status=201, reason=Created 
 headers={'Date': 'Fri, 04 Feb 2022 08:13:31 GMT', 'Content-Type': 'application/json; charset=utf-8', 'Content-Length': '84', 'Connection': 'keep-alive', 'x-powered-by': 'Express', 'access-control-allow-origin': '*', 'etag': 'W/"54-5PA9f3tcRj/kwqwdwOM7BDgSMc4"', 'via': '1.1 vegur', 'CF-Cache-Status': 'DYNAMIC', 'Expect-CT': 'max-age=604800, report-uri="https://report-uri.cloudflare.com/cdn-cgi/beacon/expect-ct"', 'Report-To': '{"endpoints":[{"url":"https:\\/\\/a.nel.cloudflare.com\\/report\\/v3?s=gyxeg%2BOpU1icXFlWBSndJZjPFfBb9Z3Ct%2FeAtdPIpO3eMj91L%2FgK4vlcxwh6Rm9cFw85EDIP1ECzOAL1pBetKScvBuD25rU48Z5MObIR9Zp8iKPzd%2BOhxj4NOL4%3D"}],"group":"cf-nel","max_age":604800}', 'NEL': '{"success_fraction":0,"report_to":"cf-nel","max_age":604800}', 'Server': 'cloudflare', 'CF-RAY': '6d8270abcc1b5284-GYD', 'alt-svc': 'h3=":443"; ma=86400, h3-29=":443"; ma=86400'} 
 body={"name":"mourfeus","job":"leader","id":"839","createdAt":"2022-02-04T08:13:31.150Z"} 
 </msg>
<msg timestamp="20220204 08:13:30.003" level="INFO">${response} = &lt;Response [201]&gt;</msg>
<status status="PASS" starttime="20220204 08:13:29.196" endtime="20220204 08:13:30.004"/>
</kw>
<kw name="Convert To String" library="BuiltIn">
<var>${response_string_status}</var>
<arg>${response.status_code}</arg>
<doc>Converts the given item to a Unicode string.</doc>
<msg timestamp="20220204 08:13:30.009" level="INFO">${response_string_status} = 201</msg>
<status status="PASS" starttime="20220204 08:13:30.005" endtime="20220204 08:13:30.009"/>
</kw>
<kw name="Should Be Equal" library="BuiltIn">
<arg>${response_string_status}</arg>
<arg>201</arg>
<doc>Fails if the given objects are unequal.</doc>
<status status="PASS" starttime="20220204 08:13:30.010" endtime="20220204 08:13:30.012"/>
</kw>
<kw name="Convert To String" library="BuiltIn">
<var>${response_string_content}</var>
<arg>${response.content}</arg>
<doc>Converts the given item to a Unicode string.</doc>
<msg timestamp="20220204 08:13:30.018" level="INFO">${response_string_content} = {"name":"mourfeus","job":"leader","id":"839","createdAt":"2022-02-04T08:13:31.150Z"}</msg>
<status status="PASS" starttime="20220204 08:13:30.013" endtime="20220204 08:13:30.018"/>
</kw>
<kw name="Should Contain" library="BuiltIn">
<arg>${response_string_content}</arg>
<arg>mourfeus</arg>
<arg>job</arg>
<doc>Fails if ``container`` does not contain ``item`` one or more times.</doc>
<status status="PASS" starttime="20220204 08:13:30.019" endtime="20220204 08:13:30.021"/>
</kw>
<tag>API</tag>
<tag>GET</tag>
<status status="PASS" starttime="20220204 08:13:29.193" endtime="20220204 08:13:30.023"/>
</test>
<test id="s1-t3" name="Post Info 3">
<kw name="Create Session" library="RequestsLibrary">
<arg>third_session</arg>
<arg>${second_scenario_url}</arg>
<doc>Create Session: create a HTTP session to a server</doc>
<msg timestamp="20220204 08:13:30.028" level="INFO">Creating Session using : alias=third_session, url=https://reqres.in, headers={},                     cookies={}, auth=None, timeout=None, proxies=None, verify=False,                     debug=0 </msg>
<status status="PASS" starttime="20220204 08:13:30.027" endtime="20220204 08:13:30.028"/>
</kw>
<kw name="Create Dictionary" library="BuiltIn">
<var>${header}</var>
<arg>Content-type=application/json</arg>
<arg>Accept=application/json</arg>
<doc>Creates and returns a dictionary based on the given ``items``.</doc>
<msg timestamp="20220204 08:13:30.030" level="INFO">${header} = {'Content-type': 'application/json', 'Accept': 'application/json'}</msg>
<status status="PASS" starttime="20220204 08:13:30.029" endtime="20220204 08:13:30.030"/>
</kw>
<kw name="POST On Session" library="RequestsLibrary">
<var>${response}</var>
<arg>third_session</arg>
<arg>api/register</arg>
<arg>data=${body_3}</arg>
<arg>expected_status=400</arg>
<doc>Sends a POST request on a previously created HTTP Session.</doc>
<msg timestamp="20220204 08:13:30.967" level="INFO">POST Request : url=https://reqres.in/api/register 
 path_url=/api/register 
 headers={'User-Agent': 'python-requests/2.25.1', 'Accept-Encoding': 'gzip, deflate', 'Accept': '*/*', 'Connection': 'keep-alive', 'Content-Length': '24'} 
 body={"email": "sydney@fife"} 
 </msg>
<msg timestamp="20220204 08:13:30.967" level="INFO">POST Response : url=https://reqres.in/api/register 
 status=400, reason=Bad Request 
 headers={'Date': 'Fri, 04 Feb 2022 08:13:31 GMT', 'Content-Type': 'application/json; charset=utf-8', 'Content-Length': '37', 'Connection': 'keep-alive', 'x-powered-by': 'Express', 'access-control-allow-origin': '*', 'etag': 'W/"25-Ik70kof1lbc973ShN5FoVPxYn7A"', 'via': '1.1 vegur', 'CF-Cache-Status': 'DYNAMIC', 'Expect-CT': 'max-age=604800, report-uri="https://report-uri.cloudflare.com/cdn-cgi/beacon/expect-ct"', 'Report-To': '{"endpoints":[{"url":"https:\\/\\/a.nel.cloudflare.com\\/report\\/v3?s=UVLTliVGLibebHZJesEa9CXA%2FYqHHeZ96qIqPU04gpRPr1Yi7vUfYRkXrP0MYWTY5tn%2BYFjYZK%2BDZwpf3cKRFXQ2FVlqJdTI%2BpPM1D32t44iqIAHfnPKOdi3ams%3D"}],"group":"cf-nel","max_age":604800}', 'NEL': '{"success_fraction":0,"report_to":"cf-nel","max_age":604800}', 'Server': 'cloudflare', 'CF-RAY': '6d8270b08db58ec6-GYD', 'alt-svc': 'h3=":443"; ma=86400, h3-29=":443"; ma=86400'} 
 body={"error":"Missing email or username"} 
 </msg>
<msg timestamp="20220204 08:13:30.967" level="INFO">c:\users\fatemeh\appdata\local\programs\python\python39\lib\site-packages\urllib3\connectionpool.py:1013: InsecureRequestWarning: Unverified HTTPS request is being made to host 'reqres.in'. Adding certificate verification is strongly advised. See: https://urllib3.readthedocs.io/en/latest/advanced-usage.html#ssl-warnings
  warnings.warn(</msg>
<msg timestamp="20220204 08:13:30.969" level="INFO">${response} = &lt;Response [400]&gt;</msg>
<status status="PASS" starttime="20220204 08:13:30.031" endtime="20220204 08:13:30.969"/>
</kw>
<tag>API</tag>
<tag>GET</tag>
<status status="PASS" starttime="20220204 08:13:30.025" endtime="20220204 08:13:30.970"/>
</test>
<test id="s1-t4" name="Post Info 4">
<kw name="Create Dictionary" library="BuiltIn">
<var>${header}</var>
<arg>Content-Type=application/json</arg>
<arg>Accept=application/json</arg>
<doc>Creates and returns a dictionary based on the given ``items``.</doc>
<msg timestamp="20220204 08:13:30.978" level="INFO">${header} = {'Content-Type': 'application/json', 'Accept': 'application/json'}</msg>
<status status="PASS" starttime="20220204 08:13:30.976" endtime="20220204 08:13:30.978"/>
</kw>
<kw name="Create Session" library="RequestsLibrary">
<arg>second_session</arg>
<arg>${second_scenario_url}</arg>
<arg>verify=true</arg>
<doc>Create Session: create a HTTP session to a server</doc>
<msg timestamp="20220204 08:13:30.981" level="INFO">Creating Session using : alias=second_session, url=https://reqres.in, headers={},                     cookies={}, auth=None, timeout=None, proxies=None, verify=True,                     debug=0 </msg>
<status status="PASS" starttime="20220204 08:13:30.979" endtime="20220204 08:13:30.982"/>
</kw>
<kw name="POST On Session" library="RequestsLibrary">
<var>${response}</var>
<arg>second_session</arg>
<arg>/api/users</arg>
<arg>data= ${body_4}</arg>
<arg>headers=${header}</arg>
<doc>Sends a POST request on a previously created HTTP Session.</doc>
<msg timestamp="20220204 08:13:31.724" level="INFO">POST Request : url=https://reqres.in/api/users 
 path_url=/api/users 
 headers={'User-Agent': 'python-requests/2.25.1', 'Accept-Encoding': 'gzip, deflate', 'Accept': 'application/json', 'Connection': 'keep-alive', 'Content-Type': 'application/json', 'Content-Length': '62'} 
 body= {"name": "david", "job": "leader","email": "david@email.com"} 
 </msg>
<msg timestamp="20220204 08:13:31.724" level="INFO">POST Response : url=https://reqres.in/api/users 
 status=201, reason=Created 
 headers={'Date': 'Fri, 04 Feb 2022 08:13:32 GMT', 'Content-Type': 'application/json; charset=utf-8', 'Content-Length': '107', 'Connection': 'keep-alive', 'x-powered-by': 'Express', 'access-control-allow-origin': '*', 'etag': 'W/"6b-pZfBaaqoHJMPNmPX+oByASKchDc"', 'via': '1.1 vegur', 'CF-Cache-Status': 'DYNAMIC', 'Expect-CT': 'max-age=604800, report-uri="https://report-uri.cloudflare.com/cdn-cgi/beacon/expect-ct"', 'Report-To': '{"endpoints":[{"url":"https:\\/\\/a.nel.cloudflare.com\\/report\\/v3?s=nxWsYS5E%2FN0hNPsIYXqyDmUwNsj6q%2FEJtGOV%2FP4UblpcwAgPFq0kmdhKSTUhflLZ4hdrrmo8qF%2FGRO7G76ZRUu3oBcNnOaJGD6XQOnSEqmfqYniXe%2FJ7jG7R7Qc%3D"}],"group":"cf-nel","max_age":604800}', 'NEL': '{"success_fraction":0,"report_to":"cf-nel","max_age":604800}', 'Server': 'cloudflare', 'CF-RAY': '6d8270b73d9b8ec2-GYD', 'alt-svc': 'h3=":443"; ma=86400, h3-29=":443"; ma=86400'} 
 body={"name":"david","job":"leader","email":"david@email.com","id":"768","createdAt":"2022-02-04T08:13:32.834Z"} 
 </msg>
<msg timestamp="20220204 08:13:31.725" level="INFO">${response} = &lt;Response [201]&gt;</msg>
<status status="PASS" starttime="20220204 08:13:30.984" endtime="20220204 08:13:31.725"/>
</kw>
<kw name="Convert To String" library="BuiltIn">
<var>${response_string_status}</var>
<arg>${response.status_code}</arg>
<doc>Converts the given item to a Unicode string.</doc>
<msg timestamp="20220204 08:13:31.730" level="INFO">${response_string_status} = 201</msg>
<status status="PASS" starttime="20220204 08:13:31.726" endtime="20220204 08:13:31.730"/>
</kw>
<kw name="Should Be Equal" library="BuiltIn">
<arg>${response_string_status}</arg>
<arg>201</arg>
<doc>Fails if the given objects are unequal.</doc>
<status status="PASS" starttime="20220204 08:13:31.731" endtime="20220204 08:13:31.732"/>
</kw>
<kw name="Should Be Equal" library="BuiltIn">
<arg>${response.json()}[name]</arg>
<arg>david</arg>
<doc>Fails if the given objects are unequal.</doc>
<status status="PASS" starttime="20220204 08:13:31.733" endtime="20220204 08:13:31.737"/>
</kw>
<kw name="Should Be Equal" library="BuiltIn">
<arg>${response.json()}[email]</arg>
<arg>david@email.com</arg>
<doc>Fails if the given objects are unequal.</doc>
<status status="PASS" starttime="20220204 08:13:31.739" endtime="20220204 08:13:31.742"/>
</kw>
<kw name="Convert To Integer" library="BuiltIn">
<var>${id}</var>
<arg>${response.json()}[id]</arg>
<doc>Converts the given item to an integer number.</doc>
<msg timestamp="20220204 08:13:31.749" level="INFO">${id} = 768</msg>
<status status="PASS" starttime="20220204 08:13:31.744" endtime="20220204 08:13:31.749"/>
</kw>
<kw name="Evaluate" library="BuiltIn">
<var>${between_100_and_1000}</var>
<arg>${100}&lt;${id}&lt;${1000}</arg>
<doc>Evaluates the given expression in Python and returns the result.</doc>
<msg timestamp="20220204 08:13:31.757" level="INFO">${between_100_and_1000} = True</msg>
<status status="PASS" starttime="20220204 08:13:31.751" endtime="20220204 08:13:31.757"/>
</kw>
<kw name="Should Be True" library="BuiltIn">
<arg>${between_100_and_1000}</arg>
<doc>Fails if the given condition is not true.</doc>
<status status="PASS" starttime="20220204 08:13:31.760" endtime="20220204 08:13:31.761"/>
</kw>
<kw name="Convert Time" library="ConvertDate">
<var>${jalali_date}</var>
<arg>${response.json()}[createdAt]</arg>
<msg timestamp="20220204 08:13:31.765" level="INFO">${jalali_date} = 1400-11-15T08:13:32.834Z</msg>
<status status="PASS" starttime="20220204 08:13:31.762" endtime="20220204 08:13:31.765"/>
</kw>
<tag>API</tag>
<tag>GET</tag>
<status status="PASS" starttime="20220204 08:13:30.974" endtime="20220204 08:13:31.766"/>
</test>
<doc>few test cases for learning API requests</doc>
<status status="FAIL" starttime="20220204 08:13:27.469" endtime="20220204 08:13:31.768"/>
</suite>
<statistics>
<total>
<stat pass="3" fail="1" skip="0">All Tests</stat>
</total>
<tag>
<stat pass="3" fail="1" skip="0">API</stat>
<stat pass="3" fail="1" skip="0">GET</stat>
</tag>
<suite>
<stat pass="3" fail="1" skip="0" id="s1" name="API">API</stat>
</suite>
</statistics>
<errors>
</errors>
</robot>
